<?xml version="1.0" encoding="UTF-8"?>
<coverage generated="1670172371982" clover="3.2.0">
  <project timestamp="1670172371982" name="All files">
    <metrics statements="481" coveredstatements="262" conditionals="184" coveredconditionals="73" methods="167" coveredmethods="81" elements="832" coveredelements="416" complexity="0" loc="481" ncloc="481" packages="7" files="16" classes="16"/>
    <package name="src">
      <metrics statements="101" coveredstatements="85" conditionals="25" coveredconditionals="18" methods="39" coveredmethods="24"/>
      <file name="Config.ts" path="/Users/dana/d4lton-modules/utilities/src/Config.ts">
        <metrics statements="26" coveredstatements="20" conditionals="1" coveredconditionals="1" methods="9" coveredmethods="7"/>
        <line num="5" count="7" type="stmt"/>
        <line num="6" count="7" type="stmt"/>
        <line num="11" count="7" type="stmt"/>
        <line num="12" count="19" type="stmt"/>
        <line num="13" count="19" type="stmt"/>
        <line num="20" count="7" type="stmt"/>
        <line num="21" count="19" type="stmt"/>
        <line num="22" count="19" type="stmt"/>
        <line num="26" count="7" type="stmt"/>
        <line num="28" count="7" type="stmt"/>
        <line num="30" count="7" type="stmt"/>
        <line num="36" count="3" type="stmt"/>
        <line num="43" count="3" type="stmt"/>
        <line num="50" count="0" type="stmt"/>
        <line num="51" count="0" type="stmt"/>
        <line num="52" count="0" type="stmt"/>
        <line num="53" count="0" type="stmt"/>
        <line num="55" count="0" type="stmt"/>
        <line num="66" count="2" type="stmt"/>
        <line num="76" count="0" type="stmt"/>
        <line num="83" count="66" type="stmt"/>
        <line num="84" count="66" type="stmt"/>
        <line num="85" count="66" type="cond" truecount="1" falsecount="0"/>
        <line num="86" count="19" type="stmt"/>
        <line num="87" count="19" type="stmt"/>
        <line num="95" count="137" type="stmt"/>
      </file>
      <file name="EnglishMs.ts" path="/Users/dana/d4lton-modules/utilities/src/EnglishMs.ts">
        <metrics statements="19" coveredstatements="18" conditionals="11" coveredconditionals="9" methods="3" coveredmethods="3"/>
        <line num="5" count="7" type="stmt"/>
        <line num="12" count="12" type="stmt"/>
        <line num="13" count="12" type="cond" truecount="0" falsecount="1"/>
        <line num="14" count="12" type="cond" truecount="2" falsecount="0"/>
        <line num="15" count="12" type="stmt"/>
        <line num="16" count="12" type="stmt"/>
        <line num="17" count="12" type="stmt"/>
        <line num="18" count="12" type="stmt"/>
        <line num="19" count="12" type="cond" truecount="2" falsecount="0"/>
        <line num="27" count="1" type="stmt"/>
        <line num="28" count="1" type="stmt"/>
        <line num="29" count="1" type="stmt"/>
        <line num="36" count="17" type="cond" truecount="5" falsecount="1"/>
        <line num="37" count="4" type="stmt"/>
        <line num="38" count="5" type="stmt"/>
        <line num="39" count="2" type="stmt"/>
        <line num="40" count="4" type="stmt"/>
        <line num="41" count="2" type="stmt"/>
        <line num="42" count="0" type="stmt"/>
      </file>
      <file name="Logging.ts" path="/Users/dana/d4lton-modules/utilities/src/Logging.ts">
        <metrics statements="13" coveredstatements="11" conditionals="4" coveredconditionals="0" methods="2" coveredmethods="1"/>
        <line num="5" count="7" type="stmt"/>
        <line num="6" count="7" type="stmt"/>
        <line num="8" count="7" type="stmt"/>
        <line num="13" count="1" type="cond" truecount="0" falsecount="1"/>
        <line num="15" count="1" type="stmt"/>
        <line num="17" count="1" type="stmt"/>
        <line num="27" count="1" type="cond" truecount="0" falsecount="1"/>
        <line num="28" count="0" type="stmt"/>
        <line num="41" count="1" type="stmt"/>
        <line num="42" count="1" type="stmt"/>
        <line num="43" count="1" type="stmt"/>
        <line num="44" count="0" type="stmt"/>
        <line num="47" count="1" type="stmt"/>
      </file>
      <file name="Package.ts" path="/Users/dana/d4lton-modules/utilities/src/Package.ts">
        <metrics statements="28" coveredstatements="21" conditionals="9" coveredconditionals="8" methods="8" coveredmethods="5"/>
        <line num="5" count="7" type="stmt"/>
        <line num="6" count="7" type="stmt"/>
        <line num="8" count="7" type="stmt"/>
        <line num="10" count="1" type="stmt"/>
        <line num="13" count="1" type="stmt"/>
        <line num="14" count="0" type="stmt"/>
        <line num="15" count="0" type="stmt"/>
        <line num="16" count="0" type="stmt"/>
        <line num="19" count="1" type="stmt"/>
        <line num="20" count="1" type="stmt"/>
        <line num="21" count="1" type="stmt"/>
        <line num="22" count="1" type="cond" truecount="1" falsecount="1"/>
        <line num="23" count="0" type="stmt"/>
        <line num="24" count="0" type="stmt"/>
        <line num="26" count="1" type="stmt"/>
        <line num="31" count="3" type="cond" truecount="1" falsecount="0"/>
        <line num="32" count="19" type="stmt"/>
        <line num="33" count="3" type="cond" truecount="1" falsecount="0"/>
        <line num="34" count="2" type="stmt"/>
        <line num="35" count="2" type="cond" truecount="3" falsecount="0"/>
        <line num="36" count="0" type="stmt"/>
        <line num="40" count="1" type="cond" truecount="1" falsecount="0"/>
        <line num="41" count="1" type="stmt"/>
        <line num="42" count="1" type="cond" truecount="1" falsecount="0"/>
        <line num="43" count="1" type="stmt"/>
        <line num="44" count="1" type="stmt"/>
        <line num="46" count="0" type="stmt"/>
        <line num="50" count="1" type="stmt"/>
      </file>
      <file name="index.ts" path="/Users/dana/d4lton-modules/utilities/src/index.ts">
        <metrics statements="15" coveredstatements="15" conditionals="0" coveredconditionals="0" methods="17" coveredmethods="8"/>
        <line num="5" count="96" type="stmt"/>
        <line num="6" count="24" type="stmt"/>
        <line num="7" count="294" type="stmt"/>
        <line num="8" count="8" type="stmt"/>
        <line num="9" count="913" type="stmt"/>
        <line num="10" count="8" type="stmt"/>
        <line num="11" count="7" type="stmt"/>
        <line num="12" count="16" type="stmt"/>
        <line num="13" count="7" type="stmt"/>
        <line num="14" count="7" type="stmt"/>
        <line num="15" count="7" type="stmt"/>
        <line num="16" count="35" type="stmt"/>
        <line num="17" count="7" type="stmt"/>
        <line num="18" count="7" type="stmt"/>
        <line num="19" count="7" type="stmt"/>
      </file>
    </package>
    <package name="src.errors">
      <metrics statements="1" coveredstatements="1" conditionals="0" coveredconditionals="0" methods="0" coveredmethods="0"/>
      <file name="RateLimitError.ts" path="/Users/dana/d4lton-modules/utilities/src/errors/RateLimitError.ts">
        <metrics statements="1" coveredstatements="1" conditionals="0" coveredconditionals="0" methods="0" coveredmethods="0"/>
        <line num="5" count="7" type="stmt"/>
      </file>
    </package>
    <package name="src.eventbus">
      <metrics statements="45" coveredstatements="7" conditionals="9" coveredconditionals="0" methods="13" coveredmethods="0"/>
      <file name="Event.ts" path="/Users/dana/d4lton-modules/utilities/src/eventbus/Event.ts">
        <metrics statements="5" coveredstatements="2" conditionals="0" coveredconditionals="0" methods="1" coveredmethods="0"/>
        <line num="5" count="7" type="stmt"/>
        <line num="7" count="7" type="stmt"/>
        <line num="12" count="0" type="stmt"/>
        <line num="13" count="0" type="stmt"/>
        <line num="14" count="0" type="stmt"/>
      </file>
      <file name="EventBus.ts" path="/Users/dana/d4lton-modules/utilities/src/eventbus/EventBus.ts">
        <metrics statements="40" coveredstatements="5" conditionals="9" coveredconditionals="0" methods="12" coveredmethods="0"/>
        <line num="5" count="7" type="stmt"/>
        <line num="8" count="7" type="stmt"/>
        <line num="22" count="7" type="stmt"/>
        <line num="24" count="7" type="stmt"/>
        <line num="25" count="7" type="stmt"/>
        <line num="28" count="0" type="cond" truecount="0" falsecount="1"/>
        <line num="29" count="0" type="stmt"/>
        <line num="30" count="0" type="cond" truecount="0" falsecount="1"/>
        <line num="31" count="0" type="stmt"/>
        <line num="32" count="0" type="stmt"/>
        <line num="33" count="0" type="stmt"/>
        <line num="35" count="0" type="stmt"/>
        <line num="36" count="0" type="stmt"/>
        <line num="40" count="0" type="cond" truecount="0" falsecount="1"/>
        <line num="41" count="0" type="stmt"/>
        <line num="45" count="0" type="stmt"/>
        <line num="46" count="0" type="stmt"/>
        <line num="47" count="0" type="cond" truecount="0" falsecount="1"/>
        <line num="48" count="0" type="stmt"/>
        <line num="49" count="0" type="stmt"/>
        <line num="50" count="0" type="stmt"/>
        <line num="51" count="0" type="stmt"/>
        <line num="54" count="0" type="stmt"/>
        <line num="55" count="0" type="cond" truecount="0" falsecount="1"/>
        <line num="56" count="0" type="stmt"/>
        <line num="57" count="0" type="cond" truecount="0" falsecount="2"/>
        <line num="58" count="0" type="stmt"/>
        <line num="59" count="0" type="stmt"/>
        <line num="61" count="0" type="stmt"/>
        <line num="62" count="0" type="stmt"/>
        <line num="70" count="0" type="stmt"/>
        <line num="71" count="0" type="stmt"/>
        <line num="76" count="0" type="stmt"/>
        <line num="77" count="0" type="cond" truecount="0" falsecount="2"/>
        <line num="78" count="0" type="stmt"/>
        <line num="79" count="0" type="stmt"/>
        <line num="80" count="0" type="stmt"/>
        <line num="81" count="0" type="stmt"/>
        <line num="83" count="0" type="stmt"/>
        <line num="87" count="0" type="stmt"/>
      </file>
    </package>
    <package name="src.firebase">
      <metrics statements="25" coveredstatements="25" conditionals="13" coveredconditionals="12" methods="6" coveredmethods="6"/>
      <file name="FirestoreConfig.ts" path="/Users/dana/d4lton-modules/utilities/src/firebase/FirestoreConfig.ts">
        <metrics statements="25" coveredstatements="25" conditionals="13" coveredconditionals="12" methods="6" coveredmethods="6"/>
        <line num="8" count="7" type="stmt"/>
        <line num="24" count="7" type="stmt"/>
        <line num="26" count="7" type="stmt"/>
        <line num="27" count="7" type="stmt"/>
        <line num="28" count="7" type="stmt"/>
        <line num="35" count="3" type="stmt"/>
        <line num="36" count="3" type="stmt"/>
        <line num="40" count="3" type="cond" truecount="2" falsecount="0"/>
        <line num="41" count="3" type="cond" truecount="2" falsecount="0"/>
        <line num="42" count="3" type="stmt"/>
        <line num="46" count="3" type="cond" truecount="1" falsecount="0"/>
        <line num="47" count="3" type="cond" truecount="2" falsecount="0"/>
        <line num="48" count="3" type="cond" truecount="2" falsecount="0"/>
        <line num="49" count="3" type="cond" truecount="2" falsecount="0"/>
        <line num="50" count="3" type="stmt"/>
        <line num="55" count="6" type="stmt"/>
        <line num="56" count="6" type="cond" truecount="1" falsecount="0"/>
        <line num="57" count="6" type="stmt"/>
        <line num="58" count="6" type="stmt"/>
        <line num="63" count="15" type="stmt"/>
        <line num="70" count="21" type="cond" truecount="0" falsecount="1"/>
        <line num="71" count="21" type="stmt"/>
        <line num="72" count="21" type="stmt"/>
        <line num="73" count="21" type="stmt"/>
        <line num="74" count="63" type="stmt"/>
      </file>
    </package>
    <package name="src.redis">
      <metrics statements="220" coveredstatements="91" conditionals="82" coveredconditionals="9" methods="91" coveredmethods="36"/>
      <file name="Redis.ts" path="/Users/dana/d4lton-modules/utilities/src/redis/Redis.ts">
        <metrics statements="111" coveredstatements="48" conditionals="43" coveredconditionals="8" methods="58" coveredmethods="26"/>
        <line num="5" count="7" type="stmt"/>
        <line num="6" count="7" type="stmt"/>
        <line num="8" count="7" type="stmt"/>
        <line num="9" count="7" type="stmt"/>
        <line num="10" count="7" type="stmt"/>
        <line num="12" count="7" type="stmt"/>
        <line num="26" count="7" type="stmt"/>
        <line num="28" count="7" type="stmt"/>
        <line num="30" count="7" type="stmt"/>
        <line num="32" count="7" type="stmt"/>
        <line num="33" count="7" type="stmt"/>
        <line num="35" count="7" type="stmt"/>
        <line num="45" count="33" type="stmt"/>
        <line num="52" count="5" type="stmt"/>
        <line num="64" count="0" type="cond" truecount="0" falsecount="2"/>
        <line num="65" count="0" type="stmt"/>
        <line num="66" count="0" type="cond" truecount="0" falsecount="1"/>
        <line num="67" count="0" type="cond" truecount="0" falsecount="1"/>
        <line num="68" count="0" type="stmt"/>
        <line num="77" count="5" type="stmt"/>
        <line num="86" count="2" type="cond" truecount="2" falsecount="0"/>
        <line num="87" count="1" type="stmt"/>
        <line num="89" count="1" type="stmt"/>
        <line num="94" count="0" type="stmt"/>
        <line num="98" count="1" type="stmt"/>
        <line num="102" count="0" type="stmt"/>
        <line num="112" count="0" type="cond" truecount="0" falsecount="2"/>
        <line num="113" count="0" type="stmt"/>
        <line num="122" count="0" type="stmt"/>
        <line num="132" count="0" type="cond" truecount="0" falsecount="2"/>
        <line num="133" count="0" type="stmt"/>
        <line num="142" count="0" type="stmt"/>
        <line num="151" count="0" type="stmt"/>
        <line num="155" count="2" type="stmt"/>
        <line num="159" count="0" type="stmt"/>
        <line num="163" count="10" type="stmt"/>
        <line num="167" count="2" type="stmt"/>
        <line num="171" count="0" type="stmt"/>
        <line num="180" count="1" type="stmt"/>
        <line num="189" count="0" type="stmt"/>
        <line num="198" count="0" type="stmt"/>
        <line num="208" count="15" type="cond" truecount="1" falsecount="0"/>
        <line num="209" count="1" type="stmt"/>
        <line num="211" count="15" type="cond" truecount="1" falsecount="0"/>
        <line num="212" count="5" type="stmt"/>
        <line num="213" count="5" type="stmt"/>
        <line num="215" count="15" type="stmt"/>
        <line num="216" count="15" type="stmt"/>
        <line num="217" count="15" type="stmt"/>
        <line num="221" count="5" type="stmt"/>
        <line num="222" count="5" type="cond" truecount="1" falsecount="1"/>
        <line num="223" count="5" type="stmt"/>
        <line num="224" count="15" type="stmt"/>
        <line num="227" count="0" type="stmt"/>
        <line num="232" count="15" type="stmt"/>
        <line num="233" count="15" type="cond" truecount="0" falsecount="1"/>
        <line num="234" count="0" type="stmt"/>
        <line num="235" count="0" type="stmt"/>
        <line num="237" count="30" type="stmt"/>
        <line num="238" count="15" type="cond" truecount="1" falsecount="0"/>
        <line num="239" count="5" type="stmt"/>
        <line num="240" count="5" type="stmt"/>
        <line num="242" count="15" type="cond" truecount="1" falsecount="0"/>
        <line num="243" count="1" type="stmt"/>
        <line num="244" count="1" type="stmt"/>
        <line num="254" count="5" type="cond" truecount="1" falsecount="1"/>
        <line num="255" count="5" type="stmt"/>
        <line num="267" count="0" type="stmt"/>
        <line num="268" count="0" type="stmt"/>
        <line num="269" count="0" type="stmt"/>
        <line num="270" count="0" type="stmt"/>
        <line num="271" count="0" type="stmt"/>
        <line num="272" count="0" type="stmt"/>
        <line num="273" count="0" type="cond" truecount="0" falsecount="1"/>
        <line num="274" count="0" type="cond" truecount="0" falsecount="1"/>
        <line num="275" count="0" type="stmt"/>
        <line num="277" count="0" type="stmt"/>
        <line num="286" count="0" type="stmt"/>
        <line num="287" count="0" type="cond" truecount="0" falsecount="1"/>
        <line num="288" count="0" type="stmt"/>
        <line num="289" count="0" type="stmt"/>
        <line num="291" count="0" type="cond" truecount="0" falsecount="1"/>
        <line num="292" count="0" type="stmt"/>
        <line num="293" count="0" type="stmt"/>
        <line num="295" count="0" type="stmt"/>
        <line num="307" count="0" type="stmt"/>
        <line num="308" count="0" type="cond" truecount="0" falsecount="1"/>
        <line num="309" count="0" type="stmt"/>
        <line num="310" count="0" type="cond" truecount="0" falsecount="1"/>
        <line num="311" count="0" type="stmt"/>
        <line num="312" count="0" type="stmt"/>
        <line num="313" count="0" type="cond" truecount="0" falsecount="1"/>
        <line num="314" count="0" type="stmt"/>
        <line num="315" count="0" type="cond" truecount="0" falsecount="1"/>
        <line num="316" count="0" type="stmt"/>
        <line num="317" count="0" type="stmt"/>
        <line num="320" count="0" type="stmt"/>
        <line num="326" count="0" type="stmt"/>
        <line num="327" count="0" type="stmt"/>
        <line num="328" count="0" type="stmt"/>
        <line num="329" count="0" type="cond" truecount="0" falsecount="1"/>
        <line num="330" count="0" type="stmt"/>
        <line num="334" count="0" type="stmt"/>
        <line num="338" count="0" type="cond" truecount="0" falsecount="1"/>
        <line num="339" count="0" type="cond" truecount="0" falsecount="2"/>
        <line num="340" count="0" type="stmt"/>
        <line num="342" count="0" type="stmt"/>
        <line num="346" count="1" type="cond" truecount="0" falsecount="1"/>
        <line num="347" count="0" type="stmt"/>
        <line num="348" count="0" type="stmt"/>
        <line num="350" count="1" type="stmt"/>
      </file>
      <file name="RedisCronJob.ts" path="/Users/dana/d4lton-modules/utilities/src/redis/RedisCronJob.ts">
        <metrics statements="50" coveredstatements="6" conditionals="34" coveredconditionals="0" methods="14" coveredmethods="0"/>
        <line num="5" count="7" type="stmt"/>
        <line num="6" count="7" type="stmt"/>
        <line num="31" count="7" type="stmt"/>
        <line num="37" count="7" type="stmt"/>
        <line num="39" count="7" type="stmt"/>
        <line num="40" count="7" type="stmt"/>
        <line num="43" count="0" type="stmt"/>
        <line num="44" count="0" type="stmt"/>
        <line num="51" count="0" type="stmt"/>
        <line num="52" count="0" type="cond" truecount="0" falsecount="1"/>
        <line num="56" count="0" type="stmt"/>
        <line num="57" count="0" type="stmt"/>
        <line num="58" count="0" type="stmt"/>
        <line num="59" count="0" type="cond" truecount="0" falsecount="1"/>
        <line num="60" count="0" type="cond" truecount="0" falsecount="3"/>
        <line num="61" count="0" type="stmt"/>
        <line num="62" count="0" type="stmt"/>
        <line num="63" count="0" type="cond" truecount="0" falsecount="2"/>
        <line num="64" count="0" type="stmt"/>
        <line num="65" count="0" type="cond" truecount="0" falsecount="1"/>
        <line num="67" count="0" type="stmt"/>
        <line num="70" count="0" type="stmt"/>
        <line num="77" count="0" type="stmt"/>
        <line num="83" count="0" type="stmt"/>
        <line num="87" count="0" type="cond" truecount="0" falsecount="3"/>
        <line num="88" count="0" type="cond" truecount="0" falsecount="3"/>
        <line num="89" count="0" type="cond" truecount="0" falsecount="3"/>
        <line num="90" count="0" type="cond" truecount="0" falsecount="3"/>
        <line num="91" count="0" type="cond" truecount="0" falsecount="3"/>
        <line num="92" count="0" type="stmt"/>
        <line num="96" count="0" type="stmt"/>
        <line num="106" count="0" type="stmt"/>
        <line num="107" count="0" type="cond" truecount="0" falsecount="1"/>
        <line num="108" count="0" type="stmt"/>
        <line num="118" count="0" type="cond" truecount="0" falsecount="1"/>
        <line num="119" count="0" type="stmt"/>
        <line num="122" count="0" type="stmt"/>
        <line num="123" count="0" type="cond" truecount="0" falsecount="1"/>
        <line num="124" count="0" type="stmt"/>
        <line num="125" count="0" type="cond" truecount="0" falsecount="3"/>
        <line num="126" count="0" type="stmt"/>
        <line num="130" count="0" type="stmt"/>
        <line num="131" count="0" type="cond" truecount="0" falsecount="1"/>
        <line num="132" count="0" type="stmt"/>
        <line num="133" count="0" type="stmt"/>
        <line num="134" count="0" type="cond" truecount="0" falsecount="4"/>
        <line num="135" count="0" type="stmt"/>
        <line num="139" count="0" type="stmt"/>
        <line num="141" count="0" type="stmt"/>
        <line num="142" count="0" type="stmt"/>
      </file>
      <file name="RedisPool.ts" path="/Users/dana/d4lton-modules/utilities/src/redis/RedisPool.ts">
        <metrics statements="40" coveredstatements="33" conditionals="3" coveredconditionals="1" methods="11" coveredmethods="10"/>
        <line num="5" count="7" type="stmt"/>
        <line num="6" count="7" type="stmt"/>
        <line num="8" count="7" type="stmt"/>
        <line num="9" count="7" type="stmt"/>
        <line num="11" count="7" type="stmt"/>
        <line num="19" count="7" type="stmt"/>
        <line num="21" count="7" type="stmt"/>
        <line num="23" count="7" type="stmt"/>
        <line num="29" count="33" type="stmt"/>
        <line num="30" count="33" type="stmt"/>
        <line num="31" count="33" type="cond" truecount="1" falsecount="0"/>
        <line num="32" count="5" type="cond" truecount="0" falsecount="1"/>
        <line num="33" count="5" type="stmt"/>
        <line num="34" count="5" type="stmt"/>
        <line num="35" count="5" type="stmt"/>
        <line num="37" count="33" type="stmt"/>
        <line num="38" count="33" type="stmt"/>
        <line num="42" count="43" type="stmt"/>
        <line num="43" count="33" type="stmt"/>
        <line num="48" count="33" type="stmt"/>
        <line num="49" count="33" type="stmt"/>
        <line num="50" count="33" type="stmt"/>
        <line num="52" count="0" type="stmt"/>
        <line num="54" count="33" type="stmt"/>
        <line num="59" count="6" type="stmt"/>
        <line num="60" count="6" type="stmt"/>
        <line num="61" count="6" type="stmt"/>
        <line num="62" count="6" type="stmt"/>
        <line num="67" count="6" type="stmt"/>
        <line num="68" count="6" type="stmt"/>
        <line num="69" count="6" type="stmt"/>
        <line num="70" count="6" type="stmt"/>
        <line num="75" count="0" type="stmt"/>
        <line num="76" count="0" type="cond" truecount="0" falsecount="1"/>
        <line num="77" count="0" type="stmt"/>
        <line num="78" count="0" type="stmt"/>
        <line num="80" count="0" type="stmt"/>
        <line num="81" count="0" type="stmt"/>
        <line num="90" count="1" type="stmt"/>
        <line num="91" count="5" type="stmt"/>
      </file>
      <file name="RedisVariable.ts" path="/Users/dana/d4lton-modules/utilities/src/redis/RedisVariable.ts">
        <metrics statements="19" coveredstatements="4" conditionals="2" coveredconditionals="0" methods="8" coveredmethods="0"/>
        <line num="5" count="7" type="stmt"/>
        <line num="6" count="7" type="stmt"/>
        <line num="8" count="7" type="stmt"/>
        <line num="10" count="7" type="stmt"/>
        <line num="13" count="0" type="stmt"/>
        <line num="16" count="0" type="cond" truecount="0" falsecount="1"/>
        <line num="17" count="0" type="stmt"/>
        <line num="18" count="0" type="stmt"/>
        <line num="19" count="0" type="stmt"/>
        <line num="20" count="0" type="stmt"/>
        <line num="25" count="0" type="stmt"/>
        <line num="29" count="0" type="stmt"/>
        <line num="30" count="0" type="cond" truecount="0" falsecount="1"/>
        <line num="31" count="0" type="stmt"/>
        <line num="32" count="0" type="stmt"/>
        <line num="33" count="0" type="stmt"/>
        <line num="38" count="0" type="stmt"/>
        <line num="40" count="0" type="stmt"/>
        <line num="44" count="0" type="stmt"/>
      </file>
    </package>
    <package name="src.stream">
      <metrics statements="36" coveredstatements="1" conditionals="16" coveredconditionals="0" methods="3" coveredmethods="0"/>
      <file name="StreamIterators.ts" path="/Users/dana/d4lton-modules/utilities/src/stream/StreamIterators.ts">
        <metrics statements="36" coveredstatements="1" conditionals="16" coveredconditionals="0" methods="3" coveredmethods="0"/>
        <line num="7" count="7" type="stmt"/>
        <line num="10" count="0" type="stmt"/>
        <line num="11" count="0" type="stmt"/>
        <line num="12" count="0" type="stmt"/>
        <line num="13" count="0" type="cond" truecount="0" falsecount="1"/>
        <line num="14" count="0" type="stmt"/>
        <line num="19" count="0" type="stmt"/>
        <line num="20" count="0" type="stmt"/>
        <line num="21" count="0" type="stmt"/>
        <line num="22" count="0" type="stmt"/>
        <line num="23" count="0" type="cond" truecount="0" falsecount="1"/>
        <line num="24" count="0" type="stmt"/>
        <line num="25" count="0" type="stmt"/>
        <line num="26" count="0" type="stmt"/>
        <line num="29" count="0" type="cond" truecount="0" falsecount="1"/>
        <line num="33" count="0" type="stmt"/>
        <line num="34" count="0" type="stmt"/>
        <line num="35" count="0" type="stmt"/>
        <line num="36" count="0" type="stmt"/>
        <line num="37" count="0" type="cond" truecount="0" falsecount="2"/>
        <line num="38" count="0" type="stmt"/>
        <line num="40" count="0" type="cond" truecount="0" falsecount="1"/>
        <line num="41" count="0" type="cond" truecount="0" falsecount="1"/>
        <line num="43" count="0" type="cond" truecount="0" falsecount="1"/>
        <line num="44" count="0" type="cond" truecount="0" falsecount="1"/>
        <line num="45" count="0" type="cond" truecount="0" falsecount="1"/>
        <line num="46" count="0" type="stmt"/>
        <line num="47" count="0" type="cond" truecount="0" falsecount="1"/>
        <line num="48" count="0" type="stmt"/>
        <line num="50" count="0" type="cond" truecount="0" falsecount="1"/>
        <line num="51" count="0" type="stmt"/>
        <line num="52" count="0" type="stmt"/>
        <line num="54" count="0" type="stmt"/>
        <line num="56" count="0" type="stmt"/>
        <line num="61" count="0" type="cond" truecount="0" falsecount="4"/>
        <line num="62" count="0" type="stmt"/>
      </file>
    </package>
    <package name="src.utilities">
      <metrics statements="53" coveredstatements="52" conditionals="39" coveredconditionals="34" methods="15" coveredmethods="15"/>
      <file name="ObjectUtilities.ts" path="/Users/dana/d4lton-modules/utilities/src/utilities/ObjectUtilities.ts">
        <metrics statements="28" coveredstatements="27" conditionals="19" coveredconditionals="15" methods="6" coveredmethods="6"/>
        <line num="5" count="7" type="stmt"/>
        <line num="7" count="7" type="stmt"/>
        <line num="13" count="211" type="cond" truecount="0" falsecount="1"/>
        <line num="14" count="211" type="cond" truecount="0" falsecount="1"/>
        <line num="15" count="211" type="stmt"/>
        <line num="16" count="211" type="stmt"/>
        <line num="17" count="211" type="stmt"/>
        <line num="18" count="313" type="stmt"/>
        <line num="19" count="313" type="stmt"/>
        <line num="20" count="313" type="stmt"/>
        <line num="21" count="313" type="cond" truecount="1" falsecount="0"/>
        <line num="22" count="3" type="stmt"/>
        <line num="23" count="3" type="stmt"/>
        <line num="25" count="313" type="cond" truecount="2" falsecount="0"/>
        <line num="26" count="313" type="cond" truecount="1" falsecount="0"/>
        <line num="27" count="3" type="cond" truecount="1" falsecount="1"/>
        <line num="30" count="0" type="stmt"/>
        <line num="33" count="211" type="cond" truecount="2" falsecount="0"/>
        <line num="40" count="68" type="cond" truecount="2" falsecount="1"/>
        <line num="41" count="68" type="stmt"/>
        <line num="42" count="68" type="stmt"/>
        <line num="43" count="68" type="stmt"/>
        <line num="44" count="82" type="cond" truecount="1" falsecount="0"/>
        <line num="45" count="82" type="cond" truecount="2" falsecount="0"/>
        <line num="53" count="96" type="cond" truecount="1" falsecount="0"/>
        <line num="54" count="33" type="stmt"/>
        <line num="55" count="75" type="cond" truecount="2" falsecount="0"/>
        <line num="58" count="63" type="stmt"/>
      </file>
      <file name="Utilities.ts" path="/Users/dana/d4lton-modules/utilities/src/utilities/Utilities.ts">
        <metrics statements="25" coveredstatements="25" conditionals="20" coveredconditionals="19" methods="9" coveredmethods="9"/>
        <line num="5" count="7" type="stmt"/>
        <line num="11" count="2" type="stmt"/>
        <line num="13" count="2" type="stmt"/>
        <line num="14" count="2" type="stmt"/>
        <line num="15" count="2" type="stmt"/>
        <line num="17" count="2" type="stmt"/>
        <line num="18" count="2" type="stmt"/>
        <line num="26" count="927" type="cond" truecount="2" falsecount="0"/>
        <line num="36" count="303" type="cond" truecount="1" falsecount="0"/>
        <line num="37" count="301" type="cond" truecount="1" falsecount="0"/>
        <line num="38" count="299" type="cond" truecount="1" falsecount="0"/>
        <line num="39" count="18" type="cond" truecount="1" falsecount="0"/>
        <line num="40" count="1" type="stmt"/>
        <line num="47" count="402" type="cond" truecount="1" falsecount="0"/>
        <line num="48" count="400" type="cond" truecount="2" falsecount="0"/>
        <line num="55" count="4" type="cond" truecount="2" falsecount="0"/>
        <line num="56" count="4" type="stmt"/>
        <line num="63" count="5" type="cond" truecount="3" falsecount="0"/>
        <line num="65" count="2" type="cond" truecount="1" falsecount="0"/>
        <line num="66" count="1" type="stmt"/>
        <line num="68" count="2" type="cond" truecount="3" falsecount="0"/>
        <line num="69" count="1" type="stmt"/>
        <line num="71" count="1" type="stmt"/>
        <line num="73" count="2" type="stmt"/>
        <line num="77" count="1" type="cond" truecount="1" falsecount="1"/>
      </file>
    </package>
  </project>
</coverage>
