{"/Users/dana/d4lton-modules/utilities/src/Config.ts": {"path":"/Users/dana/d4lton-modules/utilities/src/Config.ts","statementMap":{"0":{"start":{"line":5,"column":0},"end":{"line":5,"column":20}},"1":{"start":{"line":6,"column":0},"end":{"line":6,"column":39}},"2":{"start":{"line":13,"column":4},"end":{"line":13,"column":20}},"3":{"start":{"line":12,"column":21},"end":{"line":12,"column":32}},"4":{"start":{"line":12,"column":41},"end":{"line":12,"column":51}},"5":{"start":{"line":12,"column":60},"end":{"line":12,"column":73}},"6":{"start":{"line":11,"column":0},"end":{"line":11,"column":13}},"7":{"start":{"line":22,"column":4},"end":{"line":22,"column":27}},"8":{"start":{"line":21,"column":21},"end":{"line":21,"column":32}},"9":{"start":{"line":21,"column":41},"end":{"line":21,"column":51}},"10":{"start":{"line":21,"column":60},"end":{"line":21,"column":73}},"11":{"start":{"line":20,"column":0},"end":{"line":20,"column":13}},"12":{"start":{"line":28,"column":45},"end":{"line":28,"column":62}},"13":{"start":{"line":30,"column":24},"end":{"line":30,"column":26}},"14":{"start":{"line":36,"column":4},"end":{"line":36,"column":24}},"15":{"start":{"line":43,"column":4},"end":{"line":43,"column":64}},"16":{"start":{"line":50,"column":4},"end":{"line":56,"column":null}},"17":{"start":{"line":51,"column":19},"end":{"line":51,"column":40}},"18":{"start":{"line":52,"column":21},"end":{"line":52,"column":48}},"19":{"start":{"line":53,"column":6},"end":{"line":53,"column":65}},"20":{"start":{"line":55,"column":6},"end":{"line":55,"column":35}},"21":{"start":{"line":66,"column":4},"end":{"line":66,"column":64}},"22":{"start":{"line":76,"column":4},"end":{"line":76,"column":67}},"23":{"start":{"line":83,"column":21},"end":{"line":83,"column":36}},"24":{"start":{"line":84,"column":4},"end":{"line":84,"column":66}},"25":{"start":{"line":85,"column":4},"end":{"line":88,"column":null}},"26":{"start":{"line":86,"column":6},"end":{"line":86,"column":85}},"27":{"start":{"line":87,"column":6},"end":{"line":87,"column":88}},"28":{"start":{"line":95,"column":4},"end":{"line":95,"column":80}},"29":{"start":{"line":26,"column":0},"end":{"line":26,"column":13}}},"fnMap":{"0":{"name":"(anonymous_1)","decl":{"start":{"line":12,"column":2},"end":{"line":12,"column":21}},"loc":{"start":{"line":12,"column":73},"end":{"line":14,"column":3}}},"1":{"name":"(anonymous_2)","decl":{"start":{"line":21,"column":2},"end":{"line":21,"column":21}},"loc":{"start":{"line":21,"column":73},"end":{"line":23,"column":3}}},"2":{"name":"(anonymous_3)","decl":{"start":{"line":35,"column":2},"end":{"line":35,"column":8}},"loc":{"start":{"line":35,"column":14},"end":{"line":37,"column":3}}},"3":{"name":"(anonymous_4)","decl":{"start":{"line":42,"column":2},"end":{"line":42,"column":8}},"loc":{"start":{"line":42,"column":26},"end":{"line":44,"column":3}}},"4":{"name":"(anonymous_5)","decl":{"start":{"line":49,"column":2},"end":{"line":49,"column":8}},"loc":{"start":{"line":49,"column":30},"end":{"line":57,"column":3}}},"5":{"name":"(anonymous_6)","decl":{"start":{"line":65,"column":2},"end":{"line":65,"column":8}},"loc":{"start":{"line":65,"column":136},"end":{"line":67,"column":3}}},"6":{"name":"(anonymous_7)","decl":{"start":{"line":75,"column":2},"end":{"line":75,"column":8}},"loc":{"start":{"line":75,"column":136},"end":{"line":77,"column":3}}},"7":{"name":"(anonymous_8)","decl":{"start":{"line":82,"column":2},"end":{"line":82,"column":8}},"loc":{"start":{"line":82,"column":36},"end":{"line":89,"column":3}}},"8":{"name":"(anonymous_9)","decl":{"start":{"line":94,"column":2},"end":{"line":94,"column":8}},"loc":{"start":{"line":94,"column":44},"end":{"line":96,"column":3}}}},"branchMap":{"0":{"loc":{"start":{"line":85,"column":4},"end":{"line":88,"column":null}},"type":"if","locations":[{"start":{"line":85,"column":4},"end":{"line":88,"column":null}}]}},"s":{"0":7,"1":7,"2":19,"3":19,"4":19,"5":19,"6":7,"7":19,"8":19,"9":19,"10":19,"11":7,"12":7,"13":7,"14":3,"15":3,"16":0,"17":0,"18":0,"19":0,"20":0,"21":2,"22":0,"23":66,"24":66,"25":66,"26":19,"27":19,"28":137,"29":7},"f":{"0":19,"1":19,"2":3,"3":3,"4":0,"5":2,"6":0,"7":66,"8":137},"b":{"0":[19]}}
,"/Users/dana/d4lton-modules/utilities/src/EnglishMs.ts": {"path":"/Users/dana/d4lton-modules/utilities/src/EnglishMs.ts","statementMap":{"0":{"start":{"line":12,"column":20},"end":{"line":12,"column":55}},"1":{"start":{"line":13,"column":4},"end":{"line":13,"column":null}},"2":{"start":{"line":13,"column":20},"end":{"line":13,"column":83}},"3":{"start":{"line":14,"column":25},"end":{"line":14,"column":42}},"4":{"start":{"line":15,"column":35},"end":{"line":15,"column":57}},"5":{"start":{"line":16,"column":30},"end":{"line":16,"column":40}},"6":{"start":{"line":17,"column":32},"end":{"line":17,"column":67}},"7":{"start":{"line":18,"column":28},"end":{"line":18,"column":56}},"8":{"start":{"line":19,"column":4},"end":{"line":19,"column":45}},"9":{"start":{"line":27,"column":19},"end":{"line":27,"column":37}},"10":{"start":{"line":28,"column":19},"end":{"line":28,"column":35}},"11":{"start":{"line":29,"column":4},"end":{"line":29,"column":73}},"12":{"start":{"line":36,"column":4},"end":{"line":43,"column":null}},"13":{"start":{"line":37,"column":16},"end":{"line":37,"column":28}},"14":{"start":{"line":38,"column":16},"end":{"line":38,"column":29}},"15":{"start":{"line":39,"column":16},"end":{"line":39,"column":31}},"16":{"start":{"line":40,"column":16},"end":{"line":40,"column":32}},"17":{"start":{"line":41,"column":16},"end":{"line":41,"column":33}},"18":{"start":{"line":42,"column":15},"end":{"line":42,"column":68}},"19":{"start":{"line":5,"column":0},"end":{"line":5,"column":13}}},"fnMap":{"0":{"name":"(anonymous_0)","decl":{"start":{"line":11,"column":2},"end":{"line":11,"column":8}},"loc":{"start":{"line":11,"column":24},"end":{"line":20,"column":3}}},"1":{"name":"(anonymous_1)","decl":{"start":{"line":26,"column":2},"end":{"line":26,"column":8}},"loc":{"start":{"line":26,"column":47},"end":{"line":30,"column":3}}},"2":{"name":"(anonymous_2)","decl":{"start":{"line":35,"column":2},"end":{"line":35,"column":8}},"loc":{"start":{"line":35,"column":41},"end":{"line":44,"column":3}}}},"branchMap":{"0":{"loc":{"start":{"line":13,"column":4},"end":{"line":13,"column":null}},"type":"if","locations":[{"start":{"line":13,"column":4},"end":{"line":13,"column":null}}]},"1":{"loc":{"start":{"line":14,"column":25},"end":{"line":14,"column":42}},"type":"binary-expr","locations":[{"start":{"line":14,"column":25},"end":{"line":14,"column":35}},{"start":{"line":14,"column":39},"end":{"line":14,"column":42}}]},"2":{"loc":{"start":{"line":19,"column":11},"end":{"line":19,"column":44}},"type":"cond-expr","locations":[{"start":{"line":19,"column":26},"end":{"line":19,"column":33}},{"start":{"line":19,"column":36},"end":{"line":19,"column":44}}]},"3":{"loc":{"start":{"line":36,"column":4},"end":{"line":43,"column":null}},"type":"switch","locations":[{"start":{"line":37,"column":6},"end":{"line":37,"column":28}},{"start":{"line":38,"column":6},"end":{"line":38,"column":29}},{"start":{"line":39,"column":6},"end":{"line":39,"column":31}},{"start":{"line":40,"column":6},"end":{"line":40,"column":32}},{"start":{"line":41,"column":6},"end":{"line":41,"column":33}},{"start":{"line":42,"column":6},"end":{"line":42,"column":68}}]}},"s":{"0":12,"1":12,"2":0,"3":12,"4":12,"5":12,"6":12,"7":12,"8":12,"9":1,"10":1,"11":1,"12":17,"13":4,"14":5,"15":2,"16":4,"17":2,"18":0,"19":7},"f":{"0":12,"1":1,"2":17},"b":{"0":[0],"1":[12,10],"2":[10,2],"3":[4,5,2,4,2,0]}}
,"/Users/dana/d4lton-modules/utilities/src/Logging.ts": {"path":"/Users/dana/d4lton-modules/utilities/src/Logging.ts","statementMap":{"0":{"start":{"line":5,"column":0},"end":{"line":5,"column":28}},"1":{"start":{"line":6,"column":0},"end":{"line":6,"column":26}},"2":{"start":{"line":13,"column":4},"end":{"line":13,"column":null}},"3":{"start":{"line":13,"column":19},"end":{"line":13,"column":46}},"4":{"start":{"line":15,"column":18},"end":{"line":15,"column":58}},"5":{"start":{"line":17,"column":27},"end":{"line":25,"column":6}},"6":{"start":{"line":27,"column":4},"end":{"line":39,"column":null}},"7":{"start":{"line":28,"column":6},"end":{"line":38,"column":null}},"8":{"start":{"line":41,"column":26},"end":{"line":41,"column":48}},"9":{"start":{"line":42,"column":24},"end":{"line":42,"column":55}},"10":{"start":{"line":43,"column":28},"end":{"line":45,"column":59}},"11":{"start":{"line":44,"column":6},"end":{"line":44,"column":94}},"12":{"start":{"line":47,"column":4},"end":{"line":47,"column":69}},"13":{"start":{"line":8,"column":0},"end":{"line":8,"column":13}}},"fnMap":{"0":{"name":"(anonymous_1)","decl":{"start":{"line":12,"column":2},"end":{"line":12,"column":8}},"loc":{"start":{"line":12,"column":43},"end":{"line":48,"column":3}}},"1":{"name":"(anonymous_2)","decl":{"start":{"line":43,"column":55},"end":{"line":43,"column":56}},"loc":{"start":{"line":43,"column":90},"end":{"line":45,"column":5}}}},"branchMap":{"0":{"loc":{"start":{"line":13,"column":4},"end":{"line":13,"column":null}},"type":"if","locations":[{"start":{"line":13,"column":4},"end":{"line":13,"column":null}}]},"1":{"loc":{"start":{"line":27,"column":4},"end":{"line":39,"column":null}},"type":"if","locations":[{"start":{"line":27,"column":4},"end":{"line":39,"column":null}}]},"2":{"loc":{"start":{"line":33,"column":65},"end":{"line":33,"column":93}},"type":"binary-expr","locations":[{"start":{"line":33,"column":65},"end":{"line":33,"column":80}},{"start":{"line":33,"column":84},"end":{"line":33,"column":93}}]}},"s":{"0":7,"1":7,"2":1,"3":0,"4":1,"5":1,"6":1,"7":0,"8":1,"9":1,"10":1,"11":0,"12":1,"13":7},"f":{"0":1,"1":0},"b":{"0":[0],"1":[0],"2":[0,0]}}
,"/Users/dana/d4lton-modules/utilities/src/Package.ts": {"path":"/Users/dana/d4lton-modules/utilities/src/Package.ts","statementMap":{"0":{"start":{"line":5,"column":0},"end":{"line":5,"column":20}},"1":{"start":{"line":6,"column":0},"end":{"line":6,"column":24}},"2":{"start":{"line":10,"column":26},"end":{"line":10,"column":35}},"3":{"start":{"line":13,"column":15},"end":{"line":13,"column":41}},"4":{"start":{"line":14,"column":22},"end":{"line":14,"column":55}},"5":{"start":{"line":15,"column":18},"end":{"line":15,"column":47}},"6":{"start":{"line":16,"column":17},"end":{"line":16,"column":45}},"7":{"start":{"line":19,"column":23},"end":{"line":19,"column":38}},"8":{"start":{"line":20,"column":22},"end":{"line":20,"column":46}},"9":{"start":{"line":21,"column":18},"end":{"line":21,"column":42}},"10":{"start":{"line":22,"column":4},"end":{"line":27,"column":null}},"11":{"start":{"line":23,"column":30},"end":{"line":23,"column":71}},"12":{"start":{"line":24,"column":6},"end":{"line":24,"column":54}},"13":{"start":{"line":26,"column":6},"end":{"line":26,"column":23}},"14":{"start":{"line":31,"column":4},"end":{"line":31,"column":null}},"15":{"start":{"line":31,"column":16},"end":{"line":31,"column":55}},"16":{"start":{"line":32,"column":17},"end":{"line":32,"column":74}},"17":{"start":{"line":32,"column":50},"end":{"line":32,"column":73}},"18":{"start":{"line":33,"column":4},"end":{"line":33,"column":null}},"19":{"start":{"line":33,"column":16},"end":{"line":33,"column":45}},"20":{"start":{"line":34,"column":19},"end":{"line":34,"column":36}},"21":{"start":{"line":35,"column":4},"end":{"line":35,"column":null}},"22":{"start":{"line":35,"column":48},"end":{"line":35,"column":85}},"23":{"start":{"line":36,"column":4},"end":{"line":36,"column":21}},"24":{"start":{"line":40,"column":4},"end":{"line":49,"column":null}},"25":{"start":{"line":41,"column":6},"end":{"line":41,"column":42}},"26":{"start":{"line":42,"column":6},"end":{"line":48,"column":null}},"27":{"start":{"line":43,"column":8},"end":{"line":47,"column":null}},"28":{"start":{"line":44,"column":10},"end":{"line":44,"column":77}},"29":{"start":{"line":46,"column":10},"end":{"line":46,"column":39}},"30":{"start":{"line":50,"column":4},"end":{"line":50,"column":25}},"31":{"start":{"line":8,"column":0},"end":{"line":8,"column":13}}},"fnMap":{"0":{"name":"(anonymous_1)","decl":{"start":{"line":13,"column":2},"end":{"line":13,"column":6}},"loc":{"start":{"line":13,"column":10},"end":{"line":13,"column":42}}},"1":{"name":"(anonymous_2)","decl":{"start":{"line":14,"column":2},"end":{"line":14,"column":6}},"loc":{"start":{"line":14,"column":17},"end":{"line":14,"column":56}}},"2":{"name":"(anonymous_3)","decl":{"start":{"line":15,"column":2},"end":{"line":15,"column":6}},"loc":{"start":{"line":15,"column":13},"end":{"line":15,"column":48}}},"3":{"name":"(anonymous_4)","decl":{"start":{"line":16,"column":2},"end":{"line":16,"column":6}},"loc":{"start":{"line":16,"column":12},"end":{"line":16,"column":46}}},"4":{"name":"(anonymous_5)","decl":{"start":{"line":18,"column":2},"end":{"line":18,"column":27}},"loc":{"start":{"line":18,"column":27},"end":{"line":28,"column":3}}},"5":{"name":"(anonymous_6)","decl":{"start":{"line":30,"column":2},"end":{"line":30,"column":17}},"loc":{"start":{"line":30,"column":30},"end":{"line":37,"column":3}}},"6":{"name":"(anonymous_7)","decl":{"start":{"line":32,"column":42},"end":{"line":32,"column":46}},"loc":{"start":{"line":32,"column":50},"end":{"line":32,"column":73}}},"7":{"name":"(anonymous_8)","decl":{"start":{"line":39,"column":2},"end":{"line":39,"column":6}},"loc":{"start":{"line":39,"column":13},"end":{"line":51,"column":3}}}},"branchMap":{"0":{"loc":{"start":{"line":22,"column":4},"end":{"line":27,"column":null}},"type":"if","locations":[{"start":{"line":22,"column":4},"end":{"line":27,"column":null}},{"start":{"line":25,"column":11},"end":{"line":27,"column":null}}]},"1":{"loc":{"start":{"line":31,"column":4},"end":{"line":31,"column":null}},"type":"if","locations":[{"start":{"line":31,"column":4},"end":{"line":31,"column":null}}]},"2":{"loc":{"start":{"line":33,"column":4},"end":{"line":33,"column":null}},"type":"if","locations":[{"start":{"line":33,"column":4},"end":{"line":33,"column":null}}]},"3":{"loc":{"start":{"line":35,"column":4},"end":{"line":35,"column":null}},"type":"if","locations":[{"start":{"line":35,"column":4},"end":{"line":35,"column":null}}]},"4":{"loc":{"start":{"line":35,"column":8},"end":{"line":35,"column":44}},"type":"binary-expr","locations":[{"start":{"line":35,"column":8},"end":{"line":35,"column":26}},{"start":{"line":35,"column":30},"end":{"line":35,"column":44}}]},"5":{"loc":{"start":{"line":40,"column":4},"end":{"line":49,"column":null}},"type":"if","locations":[{"start":{"line":40,"column":4},"end":{"line":49,"column":null}}]},"6":{"loc":{"start":{"line":42,"column":6},"end":{"line":48,"column":null}},"type":"if","locations":[{"start":{"line":42,"column":6},"end":{"line":48,"column":null}}]}},"s":{"0":7,"1":7,"2":1,"3":1,"4":0,"5":0,"6":0,"7":1,"8":1,"9":1,"10":1,"11":0,"12":0,"13":1,"14":3,"15":1,"16":3,"17":19,"18":3,"19":1,"20":2,"21":2,"22":2,"23":0,"24":1,"25":1,"26":1,"27":1,"28":1,"29":0,"30":1,"31":7},"f":{"0":1,"1":0,"2":0,"3":0,"4":1,"5":3,"6":19,"7":1},"b":{"0":[0,1],"1":[1],"2":[1],"3":[2],"4":[2,2],"5":[1],"6":[1]}}
,"/Users/dana/d4lton-modules/utilities/src/index.ts": {"path":"/Users/dana/d4lton-modules/utilities/src/index.ts","statementMap":{"0":{"start":{"line":5,"column":0},"end":{"line":5,"column":8}},"1":{"start":{"line":5,"column":8},"end":{"line":5,"column":16}},"2":{"start":{"line":5,"column":16},"end":{"line":5,"column":35}},"3":{"start":{"line":5,"column":35},"end":{"line":5,"column":73}},"4":{"start":{"line":6,"column":0},"end":{"line":6,"column":8}},"5":{"start":{"line":6,"column":8},"end":{"line":6,"column":38}},"6":{"start":{"line":7,"column":0},"end":{"line":7,"column":8}},"7":{"start":{"line":7,"column":8},"end":{"line":7,"column":60}},"8":{"start":{"line":8,"column":0},"end":{"line":8,"column":8}},"9":{"start":{"line":8,"column":8},"end":{"line":8,"column":34}},"10":{"start":{"line":9,"column":0},"end":{"line":9,"column":8}},"11":{"start":{"line":9,"column":8},"end":{"line":9,"column":48}},"12":{"start":{"line":10,"column":0},"end":{"line":10,"column":8}},"13":{"start":{"line":10,"column":8},"end":{"line":10,"column":34}},"14":{"start":{"line":11,"column":0},"end":{"line":11,"column":8}},"15":{"start":{"line":11,"column":8},"end":{"line":11,"column":55}},"16":{"start":{"line":12,"column":0},"end":{"line":12,"column":8}},"17":{"start":{"line":12,"column":8},"end":{"line":12,"column":82}},"18":{"start":{"line":13,"column":0},"end":{"line":13,"column":8}},"19":{"start":{"line":13,"column":8},"end":{"line":13,"column":61}},"20":{"start":{"line":14,"column":0},"end":{"line":14,"column":8}},"21":{"start":{"line":14,"column":8},"end":{"line":14,"column":92}},"22":{"start":{"line":15,"column":0},"end":{"line":15,"column":8}},"23":{"start":{"line":15,"column":8},"end":{"line":15,"column":52}},"24":{"start":{"line":16,"column":0},"end":{"line":16,"column":8}},"25":{"start":{"line":16,"column":8},"end":{"line":16,"column":83}},"26":{"start":{"line":17,"column":0},"end":{"line":17,"column":8}},"27":{"start":{"line":17,"column":8},"end":{"line":17,"column":57}},"28":{"start":{"line":18,"column":0},"end":{"line":18,"column":8}},"29":{"start":{"line":18,"column":8},"end":{"line":18,"column":85}},"30":{"start":{"line":19,"column":0},"end":{"line":19,"column":8}},"31":{"start":{"line":19,"column":8},"end":{"line":19,"column":39}}},"fnMap":{"0":{"name":"(anonymous_0)","decl":{"start":{"line":5,"column":8},"end":{"line":5,"column":14}},"loc":{"start":{"line":5,"column":8},"end":{"line":5,"column":16}}},"1":{"name":"(anonymous_1)","decl":{"start":{"line":5,"column":16},"end":{"line":5,"column":33}},"loc":{"start":{"line":5,"column":16},"end":{"line":5,"column":35}}},"2":{"name":"(anonymous_2)","decl":{"start":{"line":5,"column":35},"end":{"line":5,"column":55}},"loc":{"start":{"line":5,"column":35},"end":{"line":5,"column":73}}},"3":{"name":"(anonymous_3)","decl":{"start":{"line":6,"column":8},"end":{"line":6,"column":17}},"loc":{"start":{"line":6,"column":8},"end":{"line":6,"column":38}}},"4":{"name":"(anonymous_4)","decl":{"start":{"line":7,"column":8},"end":{"line":7,"column":23}},"loc":{"start":{"line":7,"column":8},"end":{"line":7,"column":60}}},"5":{"name":"(anonymous_5)","decl":{"start":{"line":8,"column":8},"end":{"line":8,"column":15}},"loc":{"start":{"line":8,"column":8},"end":{"line":8,"column":34}}},"6":{"name":"(anonymous_6)","decl":{"start":{"line":9,"column":8},"end":{"line":9,"column":17}},"loc":{"start":{"line":9,"column":8},"end":{"line":9,"column":48}}},"7":{"name":"(anonymous_7)","decl":{"start":{"line":10,"column":8},"end":{"line":10,"column":15}},"loc":{"start":{"line":10,"column":8},"end":{"line":10,"column":34}}},"8":{"name":"(anonymous_8)","decl":{"start":{"line":11,"column":8},"end":{"line":11,"column":22}},"loc":{"start":{"line":11,"column":8},"end":{"line":11,"column":55}}},"9":{"name":"(anonymous_9)","decl":{"start":{"line":12,"column":8},"end":{"line":12,"column":13}},"loc":{"start":{"line":12,"column":8},"end":{"line":12,"column":82}}},"10":{"name":"(anonymous_10)","decl":{"start":{"line":13,"column":8},"end":{"line":13,"column":17}},"loc":{"start":{"line":13,"column":8},"end":{"line":13,"column":61}}},"11":{"name":"(anonymous_11)","decl":{"start":{"line":14,"column":8},"end":{"line":14,"column":20}},"loc":{"start":{"line":14,"column":8},"end":{"line":14,"column":92}}},"12":{"name":"(anonymous_12)","decl":{"start":{"line":15,"column":8},"end":{"line":15,"column":21}},"loc":{"start":{"line":15,"column":8},"end":{"line":15,"column":52}}},"13":{"name":"(anonymous_13)","decl":{"start":{"line":16,"column":8},"end":{"line":16,"column":23}},"loc":{"start":{"line":16,"column":8},"end":{"line":16,"column":83}}},"14":{"name":"(anonymous_14)","decl":{"start":{"line":17,"column":8},"end":{"line":17,"column":23}},"loc":{"start":{"line":17,"column":8},"end":{"line":17,"column":57}}},"15":{"name":"(anonymous_15)","decl":{"start":{"line":18,"column":8},"end":{"line":18,"column":16}},"loc":{"start":{"line":18,"column":8},"end":{"line":18,"column":85}}},"16":{"name":"(anonymous_16)","decl":{"start":{"line":19,"column":8},"end":{"line":19,"column":13}},"loc":{"start":{"line":19,"column":8},"end":{"line":19,"column":39}}}},"branchMap":{},"s":{"0":7,"1":96,"2":7,"3":7,"4":7,"5":24,"6":7,"7":294,"8":7,"9":8,"10":7,"11":913,"12":7,"13":8,"14":7,"15":7,"16":7,"17":16,"18":7,"19":7,"20":7,"21":7,"22":7,"23":7,"24":7,"25":35,"26":7,"27":7,"28":7,"29":7,"30":7,"31":7},"f":{"0":89,"1":0,"2":0,"3":17,"4":287,"5":1,"6":906,"7":1,"8":0,"9":9,"10":0,"11":0,"12":0,"13":28,"14":0,"15":0,"16":0},"b":{}}
,"/Users/dana/d4lton-modules/utilities/src/errors/RateLimitError.ts": {"path":"/Users/dana/d4lton-modules/utilities/src/errors/RateLimitError.ts","statementMap":{"0":{"start":{"line":5,"column":0},"end":{"line":5,"column":13}}},"fnMap":{},"branchMap":{},"s":{"0":7},"f":{},"b":{}}
,"/Users/dana/d4lton-modules/utilities/src/eventbus/Event.ts": {"path":"/Users/dana/d4lton-modules/utilities/src/eventbus/Event.ts","statementMap":{"0":{"start":{"line":5,"column":0},"end":{"line":5,"column":25}},"1":{"start":{"line":12,"column":21},"end":{"line":12,"column":33}},"2":{"start":{"line":13,"column":4},"end":{"line":13,"column":34}},"3":{"start":{"line":14,"column":4},"end":{"line":14,"column":27}},"4":{"start":{"line":7,"column":0},"end":{"line":7,"column":13}}},"fnMap":{"0":{"name":"(anonymous_1)","decl":{"start":{"line":12,"column":2},"end":{"line":12,"column":21}},"loc":{"start":{"line":12,"column":33},"end":{"line":15,"column":3}}}},"branchMap":{},"s":{"0":7,"1":0,"2":0,"3":0,"4":7},"f":{"0":0},"b":{}}
,"/Users/dana/d4lton-modules/utilities/src/eventbus/EventBus.ts": {"path":"/Users/dana/d4lton-modules/utilities/src/eventbus/EventBus.ts","statementMap":{"0":{"start":{"line":5,"column":0},"end":{"line":5,"column":28}},"1":{"start":{"line":8,"column":15},"end":{"line":8,"column":43}},"2":{"start":{"line":24,"column":31},"end":{"line":24,"column":32}},"3":{"start":{"line":25,"column":60},"end":{"line":25,"column":69}},"4":{"start":{"line":28,"column":4},"end":{"line":28,"column":null}},"5":{"start":{"line":28,"column":27},"end":{"line":28,"column":100}},"6":{"start":{"line":29,"column":28},"end":{"line":29,"column":71}},"7":{"start":{"line":29,"column":47},"end":{"line":29,"column":70}},"8":{"start":{"line":30,"column":4},"end":{"line":30,"column":null}},"9":{"start":{"line":30,"column":44},"end":{"line":30,"column":117}},"10":{"start":{"line":31,"column":39},"end":{"line":31,"column":80}},"11":{"start":{"line":31,"column":56},"end":{"line":31,"column":79}},"12":{"start":{"line":32,"column":4},"end":{"line":36,"column":55}},"13":{"start":{"line":33,"column":19},"end":{"line":33,"column":38}},"14":{"start":{"line":35,"column":22},"end":{"line":35,"column":26}},"15":{"start":{"line":36,"column":19},"end":{"line":36,"column":53}},"16":{"start":{"line":40,"column":4},"end":{"line":40,"column":null}},"17":{"start":{"line":40,"column":42},"end":{"line":40,"column":101}},"18":{"start":{"line":41,"column":4},"end":{"line":41,"column":46}},"19":{"start":{"line":45,"column":15},"end":{"line":45,"column":29}},"20":{"start":{"line":46,"column":20},"end":{"line":46,"column":49}},"21":{"start":{"line":47,"column":4},"end":{"line":47,"column":null}},"22":{"start":{"line":47,"column":22},"end":{"line":47,"column":37}},"23":{"start":{"line":48,"column":4},"end":{"line":48,"column":49}},"24":{"start":{"line":49,"column":4},"end":{"line":49,"column":45}},"25":{"start":{"line":50,"column":4},"end":{"line":50,"column":109}},"26":{"start":{"line":51,"column":4},"end":{"line":66,"column":6}},"27":{"start":{"line":54,"column":24},"end":{"line":54,"column":53}},"28":{"start":{"line":55,"column":8},"end":{"line":64,"column":null}},"29":{"start":{"line":56,"column":10},"end":{"line":56,"column":59}},"30":{"start":{"line":56,"column":45},"end":{"line":56,"column":57}},"31":{"start":{"line":57,"column":10},"end":{"line":63,"column":null}},"32":{"start":{"line":58,"column":12},"end":{"line":58,"column":53}},"33":{"start":{"line":59,"column":12},"end":{"line":59,"column":119}},"34":{"start":{"line":61,"column":12},"end":{"line":61,"column":45}},"35":{"start":{"line":62,"column":12},"end":{"line":62,"column":78}},"36":{"start":{"line":70,"column":4},"end":{"line":72,"column":null}},"37":{"start":{"line":71,"column":6},"end":{"line":71,"column":32}},"38":{"start":{"line":76,"column":22},"end":{"line":76,"column":57}},"39":{"start":{"line":77,"column":4},"end":{"line":88,"column":null}},"40":{"start":{"line":78,"column":6},"end":{"line":78,"column":102}},"41":{"start":{"line":79,"column":6},"end":{"line":85,"column":null}},"42":{"start":{"line":80,"column":8},"end":{"line":84,"column":null}},"43":{"start":{"line":81,"column":10},"end":{"line":81,"column":35}},"44":{"start":{"line":83,"column":10},"end":{"line":83,"column":99}},"45":{"start":{"line":87,"column":6},"end":{"line":87,"column":84}},"46":{"start":{"line":22,"column":0},"end":{"line":22,"column":13}}},"fnMap":{"0":{"name":"(anonymous_1)","decl":{"start":{"line":27,"column":2},"end":{"line":27,"column":8}},"loc":{"start":{"line":27,"column":63},"end":{"line":37,"column":3}}},"1":{"name":"(anonymous_2)","decl":{"start":{"line":29,"column":40},"end":{"line":29,"column":43}},"loc":{"start":{"line":29,"column":47},"end":{"line":29,"column":70}}},"2":{"name":"(anonymous_3)","decl":{"start":{"line":31,"column":49},"end":{"line":31,"column":52}},"loc":{"start":{"line":31,"column":56},"end":{"line":31,"column":79}}},"3":{"name":"(anonymous_4)","decl":{"start":{"line":33,"column":11},"end":{"line":33,"column":15}},"loc":{"start":{"line":33,"column":19},"end":{"line":33,"column":38}}},"4":{"name":"(anonymous_5)","decl":{"start":{"line":35,"column":14},"end":{"line":35,"column":18}},"loc":{"start":{"line":35,"column":22},"end":{"line":35,"column":26}}},"5":{"name":"(anonymous_6)","decl":{"start":{"line":36,"column":11},"end":{"line":36,"column":15}},"loc":{"start":{"line":36,"column":19},"end":{"line":36,"column":53}}},"6":{"name":"(anonymous_7)","decl":{"start":{"line":39,"column":2},"end":{"line":39,"column":8}},"loc":{"start":{"line":39,"column":58},"end":{"line":42,"column":3}}},"7":{"name":"(anonymous_8)","decl":{"start":{"line":44,"column":10},"end":{"line":44,"column":16}},"loc":{"start":{"line":44,"column":67},"end":{"line":67,"column":3}}},"8":{"name":"(anonymous_9)","decl":{"start":{"line":53,"column":18},"end":{"line":53,"column":21}},"loc":{"start":{"line":53,"column":23},"end":{"line":65,"column":7}}},"9":{"name":"(anonymous_10)","decl":{"start":{"line":56,"column":39},"end":{"line":56,"column":41}},"loc":{"start":{"line":56,"column":45},"end":{"line":56,"column":57}}},"10":{"name":"(anonymous_11)","decl":{"start":{"line":69,"column":2},"end":{"line":69,"column":8}},"loc":{"start":{"line":69,"column":60},"end":{"line":73,"column":3}}},"11":{"name":"(anonymous_12)","decl":{"start":{"line":75,"column":2},"end":{"line":75,"column":8}},"loc":{"start":{"line":75,"column":30},"end":{"line":89,"column":3}}}},"branchMap":{"0":{"loc":{"start":{"line":28,"column":4},"end":{"line":28,"column":null}},"type":"if","locations":[{"start":{"line":28,"column":4},"end":{"line":28,"column":null}}]},"1":{"loc":{"start":{"line":30,"column":4},"end":{"line":30,"column":null}},"type":"if","locations":[{"start":{"line":30,"column":4},"end":{"line":30,"column":null}}]},"2":{"loc":{"start":{"line":40,"column":4},"end":{"line":40,"column":null}},"type":"if","locations":[{"start":{"line":40,"column":4},"end":{"line":40,"column":null}}]},"3":{"loc":{"start":{"line":47,"column":4},"end":{"line":47,"column":null}},"type":"if","locations":[{"start":{"line":47,"column":4},"end":{"line":47,"column":null}}]},"4":{"loc":{"start":{"line":55,"column":8},"end":{"line":64,"column":null}},"type":"if","locations":[{"start":{"line":55,"column":8},"end":{"line":64,"column":null}}]},"5":{"loc":{"start":{"line":57,"column":10},"end":{"line":63,"column":null}},"type":"if","locations":[{"start":{"line":57,"column":10},"end":{"line":63,"column":null}},{"start":{"line":60,"column":17},"end":{"line":63,"column":null}}]},"6":{"loc":{"start":{"line":77,"column":4},"end":{"line":88,"column":null}},"type":"if","locations":[{"start":{"line":77,"column":4},"end":{"line":88,"column":null}},{"start":{"line":86,"column":11},"end":{"line":88,"column":null}}]}},"s":{"0":7,"1":7,"2":7,"3":7,"4":0,"5":0,"6":0,"7":0,"8":0,"9":0,"10":0,"11":0,"12":0,"13":0,"14":0,"15":0,"16":0,"17":0,"18":0,"19":0,"20":0,"21":0,"22":0,"23":0,"24":0,"25":0,"26":0,"27":0,"28":0,"29":0,"30":0,"31":0,"32":0,"33":0,"34":0,"35":0,"36":0,"37":0,"38":0,"39":0,"40":0,"41":0,"42":0,"43":0,"44":0,"45":0,"46":7},"f":{"0":0,"1":0,"2":0,"3":0,"4":0,"5":0,"6":0,"7":0,"8":0,"9":0,"10":0,"11":0},"b":{"0":[0],"1":[0],"2":[0],"3":[0],"4":[0],"5":[0,0],"6":[0,0]}}
,"/Users/dana/d4lton-modules/utilities/src/firebase/FirestoreConfig.ts": {"path":"/Users/dana/d4lton-modules/utilities/src/firebase/FirestoreConfig.ts","statementMap":{"0":{"start":{"line":8,"column":0},"end":{"line":8,"column":44}},"1":{"start":{"line":26,"column":44},"end":{"line":26,"column":59}},"2":{"start":{"line":27,"column":42},"end":{"line":27,"column":50}},"3":{"start":{"line":28,"column":46},"end":{"line":28,"column":57}},"4":{"start":{"line":35,"column":4},"end":{"line":35,"column":65}},"5":{"start":{"line":36,"column":4},"end":{"line":36,"column":67}},"6":{"start":{"line":40,"column":27},"end":{"line":40,"column":91}},"7":{"start":{"line":41,"column":25},"end":{"line":41,"column":92}},"8":{"start":{"line":42,"column":4},"end":{"line":42,"column":80}},"9":{"start":{"line":46,"column":4},"end":{"line":51,"column":null}},"10":{"start":{"line":47,"column":29},"end":{"line":47,"column":93}},"11":{"start":{"line":48,"column":33},"end":{"line":48,"column":100}},"12":{"start":{"line":49,"column":35},"end":{"line":49,"column":110}},"13":{"start":{"line":50,"column":6},"end":{"line":50,"column":137}},"14":{"start":{"line":55,"column":47},"end":{"line":55,"column":113}},"15":{"start":{"line":56,"column":4},"end":{"line":59,"column":null}},"16":{"start":{"line":57,"column":6},"end":{"line":57,"column":57}},"17":{"start":{"line":58,"column":6},"end":{"line":58,"column":100}},"18":{"start":{"line":63,"column":4},"end":{"line":63,"column":55}},"19":{"start":{"line":70,"column":4},"end":{"line":70,"column":null}},"20":{"start":{"line":70,"column":29},"end":{"line":70,"column":36}},"21":{"start":{"line":71,"column":22},"end":{"line":71,"column":37}},"22":{"start":{"line":72,"column":17},"end":{"line":72,"column":50}},"23":{"start":{"line":73,"column":4},"end":{"line":75,"column":null}},"24":{"start":{"line":74,"column":6},"end":{"line":74,"column":68}},"25":{"start":{"line":24,"column":0},"end":{"line":24,"column":13}}},"fnMap":{"0":{"name":"(anonymous_0)","decl":{"start":{"line":34,"column":2},"end":{"line":34,"column":8}},"loc":{"start":{"line":34,"column":75},"end":{"line":37,"column":3}}},"1":{"name":"(anonymous_1)","decl":{"start":{"line":39,"column":2},"end":{"line":39,"column":8}},"loc":{"start":{"line":39,"column":88},"end":{"line":43,"column":3}}},"2":{"name":"(anonymous_2)","decl":{"start":{"line":45,"column":2},"end":{"line":45,"column":8}},"loc":{"start":{"line":45,"column":90},"end":{"line":52,"column":3}}},"3":{"name":"(anonymous_3)","decl":{"start":{"line":54,"column":2},"end":{"line":54,"column":8}},"loc":{"start":{"line":54,"column":94},"end":{"line":60,"column":3}}},"4":{"name":"(anonymous_4)","decl":{"start":{"line":62,"column":2},"end":{"line":62,"column":8}},"loc":{"start":{"line":62,"column":42},"end":{"line":64,"column":3}}},"5":{"name":"(anonymous_5)","decl":{"start":{"line":69,"column":10},"end":{"line":69,"column":16}},"loc":{"start":{"line":69,"column":65},"end":{"line":76,"column":3}}}},"branchMap":{"0":{"loc":{"start":{"line":40,"column":27},"end":{"line":40,"column":91}},"type":"binary-expr","locations":[{"start":{"line":40,"column":27},"end":{"line":40,"column":46}},{"start":{"line":40,"column":50},"end":{"line":40,"column":91}}]},"1":{"loc":{"start":{"line":41,"column":25},"end":{"line":41,"column":92}},"type":"binary-expr","locations":[{"start":{"line":41,"column":25},"end":{"line":41,"column":49}},{"start":{"line":41,"column":53},"end":{"line":41,"column":92}}]},"2":{"loc":{"start":{"line":46,"column":4},"end":{"line":51,"column":null}},"type":"if","locations":[{"start":{"line":46,"column":4},"end":{"line":51,"column":null}}]},"3":{"loc":{"start":{"line":47,"column":29},"end":{"line":47,"column":93}},"type":"binary-expr","locations":[{"start":{"line":47,"column":29},"end":{"line":47,"column":48}},{"start":{"line":47,"column":52},"end":{"line":47,"column":93}}]},"4":{"loc":{"start":{"line":48,"column":33},"end":{"line":48,"column":100}},"type":"binary-expr","locations":[{"start":{"line":48,"column":33},"end":{"line":48,"column":57}},{"start":{"line":48,"column":61},"end":{"line":48,"column":100}}]},"5":{"loc":{"start":{"line":49,"column":35},"end":{"line":49,"column":110}},"type":"binary-expr","locations":[{"start":{"line":49,"column":35},"end":{"line":49,"column":63}},{"start":{"line":49,"column":67},"end":{"line":49,"column":110}}]},"6":{"loc":{"start":{"line":56,"column":4},"end":{"line":59,"column":null}},"type":"if","locations":[{"start":{"line":56,"column":4},"end":{"line":59,"column":null}}]},"7":{"loc":{"start":{"line":70,"column":4},"end":{"line":70,"column":null}},"type":"if","locations":[{"start":{"line":70,"column":4},"end":{"line":70,"column":null}}]}},"s":{"0":7,"1":7,"2":7,"3":7,"4":3,"5":3,"6":3,"7":3,"8":3,"9":3,"10":3,"11":3,"12":3,"13":3,"14":6,"15":6,"16":6,"17":6,"18":15,"19":21,"20":0,"21":21,"22":21,"23":21,"24":63,"25":7},"f":{"0":3,"1":3,"2":3,"3":6,"4":15,"5":21},"b":{"0":[3,3],"1":[3,3],"2":[3],"3":[3,3],"4":[3,3],"5":[3,3],"6":[6],"7":[0]}}
,"/Users/dana/d4lton-modules/utilities/src/redis/Redis.ts": {"path":"/Users/dana/d4lton-modules/utilities/src/redis/Redis.ts","statementMap":{"0":{"start":{"line":5,"column":0},"end":{"line":5,"column":20}},"1":{"start":{"line":6,"column":0},"end":{"line":6,"column":28}},"2":{"start":{"line":8,"column":0},"end":{"line":8,"column":38}},"3":{"start":{"line":9,"column":0},"end":{"line":9,"column":49}},"4":{"start":{"line":10,"column":0},"end":{"line":10,"column":56}},"5":{"start":{"line":12,"column":15},"end":{"line":12,"column":40}},"6":{"start":{"line":28,"column":27},"end":{"line":28,"column":28}},"7":{"start":{"line":30,"column":35},"end":{"line":30,"column":36}},"8":{"start":{"line":32,"column":56},"end":{"line":32,"column":58}},"9":{"start":{"line":33,"column":36},"end":{"line":33,"column":51}},"10":{"start":{"line":35,"column":22},"end":{"line":39,"column":4}},"11":{"start":{"line":45,"column":4},"end":{"line":45,"column":23}},"12":{"start":{"line":52,"column":4},"end":{"line":52,"column":65}},"13":{"start":{"line":52,"column":48},"end":{"line":52,"column":63}},"14":{"start":{"line":64,"column":4},"end":{"line":64,"column":70}},"15":{"start":{"line":65,"column":25},"end":{"line":65,"column":27}},"16":{"start":{"line":66,"column":4},"end":{"line":66,"column":null}},"17":{"start":{"line":66,"column":21},"end":{"line":66,"column":44}},"18":{"start":{"line":67,"column":4},"end":{"line":67,"column":null}},"19":{"start":{"line":67,"column":21},"end":{"line":67,"column":39}},"20":{"start":{"line":68,"column":4},"end":{"line":68,"column":81}},"21":{"start":{"line":68,"column":48},"end":{"line":68,"column":79}},"22":{"start":{"line":77,"column":4},"end":{"line":77,"column":74}},"23":{"start":{"line":77,"column":48},"end":{"line":77,"column":72}},"24":{"start":{"line":86,"column":4},"end":{"line":90,"column":null}},"25":{"start":{"line":87,"column":6},"end":{"line":87,"column":80}},"26":{"start":{"line":87,"column":50},"end":{"line":87,"column":78}},"27":{"start":{"line":89,"column":6},"end":{"line":89,"column":68}},"28":{"start":{"line":89,"column":50},"end":{"line":89,"column":66}},"29":{"start":{"line":94,"column":4},"end":{"line":94,"column":85}},"30":{"start":{"line":94,"column":48},"end":{"line":94,"column":83}},"31":{"start":{"line":98,"column":4},"end":{"line":98,"column":66}},"32":{"start":{"line":98,"column":48},"end":{"line":98,"column":64}},"33":{"start":{"line":102,"column":4},"end":{"line":102,"column":79}},"34":{"start":{"line":102,"column":48},"end":{"line":102,"column":77}},"35":{"start":{"line":112,"column":4},"end":{"line":112,"column":70}},"36":{"start":{"line":113,"column":4},"end":{"line":113,"column":73}},"37":{"start":{"line":113,"column":48},"end":{"line":113,"column":71}},"38":{"start":{"line":122,"column":4},"end":{"line":122,"column":66}},"39":{"start":{"line":122,"column":48},"end":{"line":122,"column":64}},"40":{"start":{"line":132,"column":4},"end":{"line":132,"column":70}},"41":{"start":{"line":133,"column":4},"end":{"line":133,"column":73}},"42":{"start":{"line":133,"column":48},"end":{"line":133,"column":71}},"43":{"start":{"line":142,"column":4},"end":{"line":142,"column":70}},"44":{"start":{"line":142,"column":48},"end":{"line":142,"column":68}},"45":{"start":{"line":151,"column":4},"end":{"line":151,"column":67}},"46":{"start":{"line":151,"column":48},"end":{"line":151,"column":65}},"47":{"start":{"line":155,"column":4},"end":{"line":155,"column":111}},"48":{"start":{"line":155,"column":48},"end":{"line":155,"column":109}},"49":{"start":{"line":159,"column":4},"end":{"line":159,"column":69}},"50":{"start":{"line":159,"column":48},"end":{"line":159,"column":67}},"51":{"start":{"line":163,"column":4},"end":{"line":163,"column":93}},"52":{"start":{"line":163,"column":48},"end":{"line":163,"column":91}},"53":{"start":{"line":167,"column":4},"end":{"line":167,"column":73}},"54":{"start":{"line":167,"column":48},"end":{"line":167,"column":71}},"55":{"start":{"line":171,"column":4},"end":{"line":171,"column":88}},"56":{"start":{"line":171,"column":48},"end":{"line":171,"column":86}},"57":{"start":{"line":180,"column":4},"end":{"line":180,"column":65}},"58":{"start":{"line":180,"column":48},"end":{"line":180,"column":63}},"59":{"start":{"line":189,"column":4},"end":{"line":189,"column":65}},"60":{"start":{"line":189,"column":48},"end":{"line":189,"column":63}},"61":{"start":{"line":198,"column":4},"end":{"line":198,"column":70}},"62":{"start":{"line":198,"column":48},"end":{"line":198,"column":68}},"63":{"start":{"line":208,"column":4},"end":{"line":210,"column":null}},"64":{"start":{"line":209,"column":6},"end":{"line":209,"column":49}},"65":{"start":{"line":211,"column":4},"end":{"line":214,"column":null}},"66":{"start":{"line":212,"column":6},"end":{"line":212,"column":39}},"67":{"start":{"line":213,"column":6},"end":{"line":213,"column":65}},"68":{"start":{"line":215,"column":44},"end":{"line":215,"column":107}},"69":{"start":{"line":216,"column":4},"end":{"line":216,"column":51}},"70":{"start":{"line":217,"column":4},"end":{"line":217,"column":24}},"71":{"start":{"line":221,"column":26},"end":{"line":221,"column":53}},"72":{"start":{"line":222,"column":4},"end":{"line":228,"column":null}},"73":{"start":{"line":223,"column":6},"end":{"line":225,"column":null}},"74":{"start":{"line":224,"column":8},"end":{"line":224,"column":46}},"75":{"start":{"line":227,"column":6},"end":{"line":227,"column":79}},"76":{"start":{"line":232,"column":26},"end":{"line":232,"column":66}},"77":{"start":{"line":233,"column":4},"end":{"line":236,"column":null}},"78":{"start":{"line":234,"column":6},"end":{"line":234,"column":79}},"79":{"start":{"line":235,"column":6},"end":{"line":235,"column":13}},"80":{"start":{"line":237,"column":4},"end":{"line":237,"column":127}},"81":{"start":{"line":237,"column":100},"end":{"line":237,"column":125}},"82":{"start":{"line":238,"column":4},"end":{"line":241,"column":null}},"83":{"start":{"line":239,"column":6},"end":{"line":239,"column":54}},"84":{"start":{"line":240,"column":6},"end":{"line":240,"column":62}},"85":{"start":{"line":242,"column":4},"end":{"line":245,"column":null}},"86":{"start":{"line":243,"column":6},"end":{"line":243,"column":43}},"87":{"start":{"line":244,"column":6},"end":{"line":244,"column":36}},"88":{"start":{"line":254,"column":4},"end":{"line":254,"column":78}},"89":{"start":{"line":255,"column":4},"end":{"line":255,"column":80}},"90":{"start":{"line":255,"column":48},"end":{"line":255,"column":78}},"91":{"start":{"line":267,"column":20},"end":{"line":267,"column":33}},"92":{"start":{"line":268,"column":22},"end":{"line":268,"column":88}},"93":{"start":{"line":269,"column":4},"end":{"line":278,"column":7}},"94":{"start":{"line":270,"column":20},"end":{"line":270,"column":30}},"95":{"start":{"line":271,"column":6},"end":{"line":276,"column":null}},"96":{"start":{"line":272,"column":23},"end":{"line":272,"column":74}},"97":{"start":{"line":273,"column":8},"end":{"line":273,"column":null}},"98":{"start":{"line":273,"column":22},"end":{"line":273,"column":72}},"99":{"start":{"line":274,"column":8},"end":{"line":274,"column":null}},"100":{"start":{"line":274,"column":21},"end":{"line":274,"column":48}},"101":{"start":{"line":275,"column":8},"end":{"line":275,"column":44}},"102":{"start":{"line":277,"column":6},"end":{"line":277,"column":82}},"103":{"start":{"line":286,"column":18},"end":{"line":286,"column":42}},"104":{"start":{"line":287,"column":4},"end":{"line":290,"column":null}},"105":{"start":{"line":288,"column":6},"end":{"line":288,"column":null}},"106":{"start":{"line":289,"column":6},"end":{"line":289,"column":13}},"107":{"start":{"line":291,"column":4},"end":{"line":294,"column":null}},"108":{"start":{"line":292,"column":6},"end":{"line":292,"column":83}},"109":{"start":{"line":293,"column":6},"end":{"line":293,"column":13}},"110":{"start":{"line":295,"column":4},"end":{"line":295,"column":29}},"111":{"start":{"line":307,"column":17},"end":{"line":307,"column":36}},"112":{"start":{"line":308,"column":4},"end":{"line":308,"column":null}},"113":{"start":{"line":308,"column":35},"end":{"line":308,"column":50}},"114":{"start":{"line":309,"column":17},"end":{"line":309,"column":68}},"115":{"start":{"line":310,"column":4},"end":{"line":322,"column":null}},"116":{"start":{"line":311,"column":6},"end":{"line":321,"column":null}},"117":{"start":{"line":312,"column":21},"end":{"line":312,"column":40}},"118":{"start":{"line":313,"column":8},"end":{"line":318,"column":null}},"119":{"start":{"line":314,"column":10},"end":{"line":314,"column":35}},"120":{"start":{"line":315,"column":10},"end":{"line":315,"column":null}},"121":{"start":{"line":315,"column":38},"end":{"line":315,"column":44}},"122":{"start":{"line":316,"column":10},"end":{"line":316,"column":48}},"123":{"start":{"line":317,"column":10},"end":{"line":317,"column":24}},"124":{"start":{"line":320,"column":8},"end":{"line":320,"column":32}},"125":{"start":{"line":326,"column":19},"end":{"line":326,"column":56}},"126":{"start":{"line":327,"column":16},"end":{"line":327,"column":49}},"127":{"start":{"line":328,"column":18},"end":{"line":328,"column":37}},"128":{"start":{"line":329,"column":4},"end":{"line":329,"column":null}},"129":{"start":{"line":329,"column":25},"end":{"line":329,"column":106}},"130":{"start":{"line":330,"column":4},"end":{"line":330,"column":46}},"131":{"start":{"line":334,"column":4},"end":{"line":334,"column":110}},"132":{"start":{"line":334,"column":48},"end":{"line":334,"column":108}},"133":{"start":{"line":338,"column":4},"end":{"line":341,"column":null}},"134":{"start":{"line":339,"column":23},"end":{"line":339,"column":49}},"135":{"start":{"line":340,"column":6},"end":{"line":340,"column":47}},"136":{"start":{"line":342,"column":4},"end":{"line":342,"column":27}},"137":{"start":{"line":346,"column":4},"end":{"line":349,"column":null}},"138":{"start":{"line":347,"column":6},"end":{"line":347,"column":54}},"139":{"start":{"line":348,"column":6},"end":{"line":348,"column":43}},"140":{"start":{"line":350,"column":4},"end":{"line":350,"column":33}},"141":{"start":{"line":26,"column":0},"end":{"line":26,"column":13}}},"fnMap":{"0":{"name":"(anonymous_1)","decl":{"start":{"line":41,"column":2},"end":{"line":41,"column":null}},"loc":{"start":{"line":41,"column":2},"end":{"line":42,"column":3}}},"1":{"name":"(anonymous_2)","decl":{"start":{"line":44,"column":2},"end":{"line":44,"column":6}},"loc":{"start":{"line":44,"column":10},"end":{"line":46,"column":3}}},"2":{"name":"(anonymous_3)","decl":{"start":{"line":51,"column":2},"end":{"line":51,"column":7}},"loc":{"start":{"line":51,"column":23},"end":{"line":53,"column":3}}},"3":{"name":"(anonymous_4)","decl":{"start":{"line":52,"column":32},"end":{"line":52,"column":37}},"loc":{"start":{"line":52,"column":48},"end":{"line":52,"column":63}}},"4":{"name":"(anonymous_5)","decl":{"start":{"line":63,"column":2},"end":{"line":63,"column":7}},"loc":{"start":{"line":63,"column":69},"end":{"line":69,"column":3}}},"5":{"name":"(anonymous_6)","decl":{"start":{"line":68,"column":32},"end":{"line":68,"column":37}},"loc":{"start":{"line":68,"column":48},"end":{"line":68,"column":79}}},"6":{"name":"(anonymous_7)","decl":{"start":{"line":76,"column":2},"end":{"line":76,"column":7}},"loc":{"start":{"line":76,"column":37},"end":{"line":78,"column":3}}},"7":{"name":"(anonymous_8)","decl":{"start":{"line":77,"column":32},"end":{"line":77,"column":37}},"loc":{"start":{"line":77,"column":48},"end":{"line":77,"column":72}}},"8":{"name":"(anonymous_9)","decl":{"start":{"line":85,"column":2},"end":{"line":85,"column":7}},"loc":{"start":{"line":85,"column":40},"end":{"line":91,"column":3}}},"9":{"name":"(anonymous_10)","decl":{"start":{"line":87,"column":34},"end":{"line":87,"column":39}},"loc":{"start":{"line":87,"column":50},"end":{"line":87,"column":78}}},"10":{"name":"(anonymous_11)","decl":{"start":{"line":89,"column":34},"end":{"line":89,"column":39}},"loc":{"start":{"line":89,"column":50},"end":{"line":89,"column":66}}},"11":{"name":"(anonymous_12)","decl":{"start":{"line":93,"column":2},"end":{"line":93,"column":7}},"loc":{"start":{"line":93,"column":48},"end":{"line":95,"column":3}}},"12":{"name":"(anonymous_13)","decl":{"start":{"line":94,"column":32},"end":{"line":94,"column":37}},"loc":{"start":{"line":94,"column":48},"end":{"line":94,"column":83}}},"13":{"name":"(anonymous_14)","decl":{"start":{"line":97,"column":2},"end":{"line":97,"column":7}},"loc":{"start":{"line":97,"column":24},"end":{"line":99,"column":3}}},"14":{"name":"(anonymous_15)","decl":{"start":{"line":98,"column":32},"end":{"line":98,"column":37}},"loc":{"start":{"line":98,"column":48},"end":{"line":98,"column":64}}},"15":{"name":"(anonymous_16)","decl":{"start":{"line":101,"column":2},"end":{"line":101,"column":7}},"loc":{"start":{"line":101,"column":53},"end":{"line":103,"column":3}}},"16":{"name":"(anonymous_17)","decl":{"start":{"line":102,"column":32},"end":{"line":102,"column":37}},"loc":{"start":{"line":102,"column":48},"end":{"line":102,"column":77}}},"17":{"name":"(anonymous_18)","decl":{"start":{"line":111,"column":2},"end":{"line":111,"column":7}},"loc":{"start":{"line":111,"column":36},"end":{"line":114,"column":3}}},"18":{"name":"(anonymous_19)","decl":{"start":{"line":113,"column":32},"end":{"line":113,"column":37}},"loc":{"start":{"line":113,"column":48},"end":{"line":113,"column":71}}},"19":{"name":"(anonymous_20)","decl":{"start":{"line":121,"column":2},"end":{"line":121,"column":7}},"loc":{"start":{"line":121,"column":24},"end":{"line":123,"column":3}}},"20":{"name":"(anonymous_21)","decl":{"start":{"line":122,"column":32},"end":{"line":122,"column":37}},"loc":{"start":{"line":122,"column":48},"end":{"line":122,"column":64}}},"21":{"name":"(anonymous_22)","decl":{"start":{"line":131,"column":2},"end":{"line":131,"column":7}},"loc":{"start":{"line":131,"column":36},"end":{"line":134,"column":3}}},"22":{"name":"(anonymous_23)","decl":{"start":{"line":133,"column":32},"end":{"line":133,"column":37}},"loc":{"start":{"line":133,"column":48},"end":{"line":133,"column":71}}},"23":{"name":"(anonymous_24)","decl":{"start":{"line":141,"column":2},"end":{"line":141,"column":7}},"loc":{"start":{"line":141,"column":28},"end":{"line":143,"column":3}}},"24":{"name":"(anonymous_25)","decl":{"start":{"line":142,"column":32},"end":{"line":142,"column":37}},"loc":{"start":{"line":142,"column":48},"end":{"line":142,"column":68}}},"25":{"name":"(anonymous_26)","decl":{"start":{"line":150,"column":2},"end":{"line":150,"column":7}},"loc":{"start":{"line":150,"column":25},"end":{"line":152,"column":3}}},"26":{"name":"(anonymous_27)","decl":{"start":{"line":151,"column":32},"end":{"line":151,"column":37}},"loc":{"start":{"line":151,"column":48},"end":{"line":151,"column":65}}},"27":{"name":"(anonymous_28)","decl":{"start":{"line":154,"column":2},"end":{"line":154,"column":7}},"loc":{"start":{"line":154,"column":80},"end":{"line":156,"column":3}}},"28":{"name":"(anonymous_29)","decl":{"start":{"line":155,"column":32},"end":{"line":155,"column":37}},"loc":{"start":{"line":155,"column":48},"end":{"line":155,"column":109}}},"29":{"name":"(anonymous_30)","decl":{"start":{"line":158,"column":2},"end":{"line":158,"column":7}},"loc":{"start":{"line":158,"column":24},"end":{"line":160,"column":3}}},"30":{"name":"(anonymous_31)","decl":{"start":{"line":159,"column":32},"end":{"line":159,"column":37}},"loc":{"start":{"line":159,"column":48},"end":{"line":159,"column":67}}},"31":{"name":"(anonymous_32)","decl":{"start":{"line":162,"column":2},"end":{"line":162,"column":7}},"loc":{"start":{"line":162,"column":77},"end":{"line":164,"column":3}}},"32":{"name":"(anonymous_33)","decl":{"start":{"line":163,"column":32},"end":{"line":163,"column":37}},"loc":{"start":{"line":163,"column":48},"end":{"line":163,"column":91}}},"33":{"name":"(anonymous_34)","decl":{"start":{"line":166,"column":2},"end":{"line":166,"column":7}},"loc":{"start":{"line":166,"column":36},"end":{"line":168,"column":3}}},"34":{"name":"(anonymous_35)","decl":{"start":{"line":167,"column":32},"end":{"line":167,"column":37}},"loc":{"start":{"line":167,"column":48},"end":{"line":167,"column":71}}},"35":{"name":"(anonymous_36)","decl":{"start":{"line":170,"column":2},"end":{"line":170,"column":7}},"loc":{"start":{"line":170,"column":48},"end":{"line":172,"column":3}}},"36":{"name":"(anonymous_37)","decl":{"start":{"line":171,"column":32},"end":{"line":171,"column":37}},"loc":{"start":{"line":171,"column":48},"end":{"line":171,"column":86}}},"37":{"name":"(anonymous_38)","decl":{"start":{"line":179,"column":2},"end":{"line":179,"column":7}},"loc":{"start":{"line":179,"column":23},"end":{"line":181,"column":3}}},"38":{"name":"(anonymous_39)","decl":{"start":{"line":180,"column":32},"end":{"line":180,"column":37}},"loc":{"start":{"line":180,"column":48},"end":{"line":180,"column":63}}},"39":{"name":"(anonymous_40)","decl":{"start":{"line":188,"column":2},"end":{"line":188,"column":7}},"loc":{"start":{"line":188,"column":23},"end":{"line":190,"column":3}}},"40":{"name":"(anonymous_41)","decl":{"start":{"line":189,"column":32},"end":{"line":189,"column":37}},"loc":{"start":{"line":189,"column":48},"end":{"line":189,"column":63}}},"41":{"name":"(anonymous_42)","decl":{"start":{"line":197,"column":2},"end":{"line":197,"column":7}},"loc":{"start":{"line":197,"column":28},"end":{"line":199,"column":3}}},"42":{"name":"(anonymous_43)","decl":{"start":{"line":198,"column":32},"end":{"line":198,"column":37}},"loc":{"start":{"line":198,"column":48},"end":{"line":198,"column":68}}},"43":{"name":"(anonymous_44)","decl":{"start":{"line":207,"column":2},"end":{"line":207,"column":7}},"loc":{"start":{"line":207,"column":68},"end":{"line":218,"column":3}}},"44":{"name":"(anonymous_45)","decl":{"start":{"line":220,"column":10},"end":{"line":220,"column":16}},"loc":{"start":{"line":220,"column":61},"end":{"line":229,"column":3}}},"45":{"name":"(anonymous_46)","decl":{"start":{"line":231,"column":2},"end":{"line":231,"column":7}},"loc":{"start":{"line":231,"column":51},"end":{"line":246,"column":3}}},"46":{"name":"(anonymous_47)","decl":{"start":{"line":237,"column":95},"end":{"line":237,"column":97}},"loc":{"start":{"line":237,"column":100},"end":{"line":237,"column":125}}},"47":{"name":"(anonymous_48)","decl":{"start":{"line":253,"column":2},"end":{"line":253,"column":7}},"loc":{"start":{"line":253,"column":43},"end":{"line":256,"column":3}}},"48":{"name":"(anonymous_49)","decl":{"start":{"line":255,"column":32},"end":{"line":255,"column":37}},"loc":{"start":{"line":255,"column":48},"end":{"line":255,"column":78}}},"49":{"name":"(anonymous_50)","decl":{"start":{"line":266,"column":2},"end":{"line":266,"column":7}},"loc":{"start":{"line":266,"column":79},"end":{"line":279,"column":3}}},"50":{"name":"(anonymous_51)","decl":{"start":{"line":269,"column":23},"end":{"line":269,"column":28}},"loc":{"start":{"line":269,"column":49},"end":{"line":278,"column":5}}},"51":{"name":"(anonymous_52)","decl":{"start":{"line":285,"column":2},"end":{"line":285,"column":7}},"loc":{"start":{"line":285,"column":24},"end":{"line":296,"column":3}}},"52":{"name":"(anonymous_53)","decl":{"start":{"line":306,"column":2},"end":{"line":306,"column":7}},"loc":{"start":{"line":306,"column":78},"end":{"line":323,"column":3}}},"53":{"name":"(anonymous_54)","decl":{"start":{"line":325,"column":2},"end":{"line":325,"column":7}},"loc":{"start":{"line":325,"column":73},"end":{"line":331,"column":3}}},"54":{"name":"(anonymous_55)","decl":{"start":{"line":333,"column":2},"end":{"line":333,"column":7}},"loc":{"start":{"line":333,"column":38},"end":{"line":335,"column":3}}},"55":{"name":"(anonymous_56)","decl":{"start":{"line":334,"column":32},"end":{"line":334,"column":37}},"loc":{"start":{"line":334,"column":48},"end":{"line":334,"column":108}}},"56":{"name":"(anonymous_57)","decl":{"start":{"line":337,"column":2},"end":{"line":337,"column":6}},"loc":{"start":{"line":337,"column":14},"end":{"line":343,"column":3}}},"57":{"name":"(anonymous_58)","decl":{"start":{"line":345,"column":2},"end":{"line":345,"column":8}},"loc":{"start":{"line":345,"column":23},"end":{"line":351,"column":3}}}},"branchMap":{"0":{"loc":{"start":{"line":63,"column":37},"end":{"line":63,"column":50}},"type":"default-arg","locations":[{"start":{"line":63,"column":49},"end":{"line":63,"column":50}}]},"1":{"loc":{"start":{"line":63,"column":52},"end":{"line":63,"column":69}},"type":"default-arg","locations":[{"start":{"line":63,"column":64},"end":{"line":63,"column":69}}]},"2":{"loc":{"start":{"line":64,"column":12},"end":{"line":64,"column":69}},"type":"cond-expr","locations":[{"start":{"line":64,"column":40},"end":{"line":64,"column":61}},{"start":{"line":64,"column":64},"end":{"line":64,"column":69}}]},"3":{"loc":{"start":{"line":66,"column":4},"end":{"line":66,"column":null}},"type":"if","locations":[{"start":{"line":66,"column":4},"end":{"line":66,"column":null}}]},"4":{"loc":{"start":{"line":67,"column":4},"end":{"line":67,"column":null}},"type":"if","locations":[{"start":{"line":67,"column":4},"end":{"line":67,"column":null}}]},"5":{"loc":{"start":{"line":86,"column":4},"end":{"line":90,"column":null}},"type":"if","locations":[{"start":{"line":86,"column":4},"end":{"line":90,"column":null}},{"start":{"line":88,"column":11},"end":{"line":90,"column":null}}]},"6":{"loc":{"start":{"line":93,"column":27},"end":{"line":93,"column":48}},"type":"default-arg","locations":[{"start":{"line":93,"column":47},"end":{"line":93,"column":48}}]},"7":{"loc":{"start":{"line":112,"column":12},"end":{"line":112,"column":69}},"type":"cond-expr","locations":[{"start":{"line":112,"column":40},"end":{"line":112,"column":61}},{"start":{"line":112,"column":64},"end":{"line":112,"column":69}}]},"8":{"loc":{"start":{"line":132,"column":12},"end":{"line":132,"column":69}},"type":"cond-expr","locations":[{"start":{"line":132,"column":40},"end":{"line":132,"column":61}},{"start":{"line":132,"column":64},"end":{"line":132,"column":69}}]},"9":{"loc":{"start":{"line":154,"column":38},"end":{"line":154,"column":80}},"type":"default-arg","locations":[{"start":{"line":154,"column":57},"end":{"line":154,"column":80}}]},"10":{"loc":{"start":{"line":162,"column":35},"end":{"line":162,"column":77}},"type":"default-arg","locations":[{"start":{"line":162,"column":54},"end":{"line":162,"column":77}}]},"11":{"loc":{"start":{"line":170,"column":27},"end":{"line":170,"column":48}},"type":"default-arg","locations":[{"start":{"line":170,"column":47},"end":{"line":170,"column":48}}]},"12":{"loc":{"start":{"line":208,"column":4},"end":{"line":210,"column":null}},"type":"if","locations":[{"start":{"line":208,"column":4},"end":{"line":210,"column":null}}]},"13":{"loc":{"start":{"line":211,"column":4},"end":{"line":214,"column":null}},"type":"if","locations":[{"start":{"line":211,"column":4},"end":{"line":214,"column":null}}]},"14":{"loc":{"start":{"line":222,"column":4},"end":{"line":228,"column":null}},"type":"if","locations":[{"start":{"line":222,"column":4},"end":{"line":228,"column":null}},{"start":{"line":226,"column":11},"end":{"line":228,"column":null}}]},"15":{"loc":{"start":{"line":233,"column":4},"end":{"line":236,"column":null}},"type":"if","locations":[{"start":{"line":233,"column":4},"end":{"line":236,"column":null}}]},"16":{"loc":{"start":{"line":238,"column":4},"end":{"line":241,"column":null}},"type":"if","locations":[{"start":{"line":238,"column":4},"end":{"line":241,"column":null}}]},"17":{"loc":{"start":{"line":242,"column":4},"end":{"line":245,"column":null}},"type":"if","locations":[{"start":{"line":242,"column":4},"end":{"line":245,"column":null}}]},"18":{"loc":{"start":{"line":254,"column":14},"end":{"line":254,"column":77}},"type":"cond-expr","locations":[{"start":{"line":254,"column":44},"end":{"line":254,"column":67}},{"start":{"line":254,"column":70},"end":{"line":254,"column":77}}]},"19":{"loc":{"start":{"line":266,"column":29},"end":{"line":266,"column":40}},"type":"default-arg","locations":[{"start":{"line":266,"column":36},"end":{"line":266,"column":40}}]},"20":{"loc":{"start":{"line":266,"column":42},"end":{"line":266,"column":59}},"type":"default-arg","locations":[{"start":{"line":266,"column":54},"end":{"line":266,"column":59}}]},"21":{"loc":{"start":{"line":266,"column":61},"end":{"line":266,"column":79}},"type":"default-arg","locations":[{"start":{"line":266,"column":76},"end":{"line":266,"column":79}}]},"22":{"loc":{"start":{"line":273,"column":8},"end":{"line":273,"column":null}},"type":"if","locations":[{"start":{"line":273,"column":8},"end":{"line":273,"column":null}}]},"23":{"loc":{"start":{"line":274,"column":8},"end":{"line":274,"column":null}},"type":"if","locations":[{"start":{"line":274,"column":8},"end":{"line":274,"column":null}}]},"24":{"loc":{"start":{"line":287,"column":4},"end":{"line":290,"column":null}},"type":"if","locations":[{"start":{"line":287,"column":4},"end":{"line":290,"column":null}}]},"25":{"loc":{"start":{"line":291,"column":4},"end":{"line":294,"column":null}},"type":"if","locations":[{"start":{"line":291,"column":4},"end":{"line":294,"column":null}}]},"26":{"loc":{"start":{"line":308,"column":4},"end":{"line":308,"column":null}},"type":"if","locations":[{"start":{"line":308,"column":4},"end":{"line":308,"column":null}}]},"27":{"loc":{"start":{"line":310,"column":4},"end":{"line":322,"column":null}},"type":"if","locations":[{"start":{"line":310,"column":4},"end":{"line":322,"column":null}}]},"28":{"loc":{"start":{"line":313,"column":8},"end":{"line":318,"column":null}},"type":"if","locations":[{"start":{"line":313,"column":8},"end":{"line":318,"column":null}}]},"29":{"loc":{"start":{"line":315,"column":10},"end":{"line":315,"column":null}},"type":"if","locations":[{"start":{"line":315,"column":10},"end":{"line":315,"column":null}}]},"30":{"loc":{"start":{"line":325,"column":46},"end":{"line":325,"column":73}},"type":"default-arg","locations":[{"start":{"line":325,"column":69},"end":{"line":325,"column":73}}]},"31":{"loc":{"start":{"line":329,"column":4},"end":{"line":329,"column":null}},"type":"if","locations":[{"start":{"line":329,"column":4},"end":{"line":329,"column":null}}]},"32":{"loc":{"start":{"line":333,"column":26},"end":{"line":333,"column":38}},"type":"default-arg","locations":[{"start":{"line":333,"column":37},"end":{"line":333,"column":38}}]},"33":{"loc":{"start":{"line":338,"column":4},"end":{"line":341,"column":null}},"type":"if","locations":[{"start":{"line":338,"column":4},"end":{"line":341,"column":null}}]},"34":{"loc":{"start":{"line":339,"column":23},"end":{"line":339,"column":49}},"type":"binary-expr","locations":[{"start":{"line":339,"column":23},"end":{"line":339,"column":36}},{"start":{"line":339,"column":40},"end":{"line":339,"column":49}}]},"35":{"loc":{"start":{"line":346,"column":4},"end":{"line":349,"column":null}},"type":"if","locations":[{"start":{"line":346,"column":4},"end":{"line":349,"column":null}}]}},"s":{"0":7,"1":7,"2":7,"3":7,"4":7,"5":7,"6":7,"7":7,"8":7,"9":7,"10":7,"11":33,"12":5,"13":5,"14":0,"15":0,"16":0,"17":0,"18":0,"19":0,"20":0,"21":0,"22":5,"23":5,"24":2,"25":1,"26":1,"27":1,"28":1,"29":0,"30":0,"31":1,"32":1,"33":0,"34":0,"35":0,"36":0,"37":0,"38":0,"39":0,"40":0,"41":0,"42":0,"43":0,"44":0,"45":0,"46":0,"47":2,"48":2,"49":0,"50":0,"51":10,"52":10,"53":2,"54":2,"55":0,"56":0,"57":1,"58":1,"59":0,"60":0,"61":0,"62":0,"63":15,"64":1,"65":15,"66":5,"67":5,"68":15,"69":15,"70":15,"71":5,"72":5,"73":5,"74":15,"75":0,"76":15,"77":15,"78":0,"79":0,"80":15,"81":30,"82":15,"83":5,"84":5,"85":15,"86":1,"87":1,"88":5,"89":5,"90":5,"91":0,"92":0,"93":0,"94":0,"95":0,"96":0,"97":0,"98":0,"99":0,"100":0,"101":0,"102":0,"103":0,"104":0,"105":0,"106":0,"107":0,"108":0,"109":0,"110":0,"111":0,"112":0,"113":0,"114":0,"115":0,"116":0,"117":0,"118":0,"119":0,"120":0,"121":0,"122":0,"123":0,"124":0,"125":0,"126":0,"127":0,"128":0,"129":0,"130":0,"131":0,"132":0,"133":0,"134":0,"135":0,"136":0,"137":1,"138":0,"139":0,"140":1,"141":7},"f":{"0":8,"1":33,"2":5,"3":5,"4":0,"5":0,"6":5,"7":5,"8":2,"9":1,"10":1,"11":0,"12":0,"13":1,"14":1,"15":0,"16":0,"17":0,"18":0,"19":0,"20":0,"21":0,"22":0,"23":0,"24":0,"25":0,"26":0,"27":2,"28":2,"29":0,"30":0,"31":10,"32":10,"33":2,"34":2,"35":0,"36":0,"37":1,"38":1,"39":0,"40":0,"41":0,"42":0,"43":15,"44":5,"45":15,"46":30,"47":5,"48":5,"49":0,"50":0,"51":0,"52":0,"53":0,"54":0,"55":0,"56":0,"57":1},"b":{"0":[0],"1":[0],"2":[0,0],"3":[0],"4":[0],"5":[1,1],"6":[0],"7":[0,0],"8":[0,0],"9":[0],"10":[0],"11":[0],"12":[1],"13":[5],"14":[5,0],"15":[0],"16":[5],"17":[1],"18":[5,0],"19":[0],"20":[0],"21":[0],"22":[0],"23":[0],"24":[0],"25":[0],"26":[0],"27":[0],"28":[0],"29":[0],"30":[0],"31":[0],"32":[0],"33":[0],"34":[0,0],"35":[0]}}
,"/Users/dana/d4lton-modules/utilities/src/redis/RedisCronJob.ts": {"path":"/Users/dana/d4lton-modules/utilities/src/redis/RedisCronJob.ts","statementMap":{"0":{"start":{"line":5,"column":0},"end":{"line":5,"column":28}},"1":{"start":{"line":6,"column":0},"end":{"line":6,"column":30}},"2":{"start":{"line":31,"column":15},"end":{"line":31,"column":42}},"3":{"start":{"line":39,"column":29},"end":{"line":39,"column":34}},"4":{"start":{"line":40,"column":31},"end":{"line":40,"column":36}},"5":{"start":{"line":43,"column":32},"end":{"line":43,"column":33}},"6":{"start":{"line":44,"column":26},"end":{"line":44,"column":37}},"7":{"start":{"line":51,"column":11},"end":{"line":51,"column":37}},"8":{"start":{"line":52,"column":11},"end":{"line":52,"column":37}},"9":{"start":{"line":56,"column":4},"end":{"line":73,"column":13}},"10":{"start":{"line":57,"column":18},"end":{"line":57,"column":28}},"11":{"start":{"line":58,"column":21},"end":{"line":58,"column":71}},"12":{"start":{"line":59,"column":6},"end":{"line":59,"column":null}},"13":{"start":{"line":59,"column":31},"end":{"line":59,"column":58}},"14":{"start":{"line":60,"column":6},"end":{"line":72,"column":null}},"15":{"start":{"line":61,"column":8},"end":{"line":61,"column":34}},"16":{"start":{"line":62,"column":8},"end":{"line":71,"column":null}},"17":{"start":{"line":63,"column":10},"end":{"line":68,"column":null}},"18":{"start":{"line":64,"column":25},"end":{"line":64,"column":119}},"19":{"start":{"line":65,"column":12},"end":{"line":65,"column":null}},"20":{"start":{"line":65,"column":24},"end":{"line":65,"column":39}},"21":{"start":{"line":67,"column":12},"end":{"line":67,"column":26}},"22":{"start":{"line":70,"column":10},"end":{"line":70,"column":38}},"23":{"start":{"line":77,"column":4},"end":{"line":77,"column":34}},"24":{"start":{"line":83,"column":4},"end":{"line":83,"column":23}},"25":{"start":{"line":87,"column":4},"end":{"line":87,"column":null}},"26":{"start":{"line":87,"column":110},"end":{"line":87,"column":124}},"27":{"start":{"line":88,"column":4},"end":{"line":88,"column":null}},"28":{"start":{"line":88,"column":104},"end":{"line":88,"column":118}},"29":{"start":{"line":89,"column":4},"end":{"line":89,"column":null}},"30":{"start":{"line":89,"column":103},"end":{"line":89,"column":117}},"31":{"start":{"line":90,"column":4},"end":{"line":90,"column":null}},"32":{"start":{"line":90,"column":106},"end":{"line":90,"column":120}},"33":{"start":{"line":91,"column":4},"end":{"line":91,"column":null}},"34":{"start":{"line":91,"column":100},"end":{"line":91,"column":114}},"35":{"start":{"line":92,"column":4},"end":{"line":92,"column":16}},"36":{"start":{"line":96,"column":4},"end":{"line":102,"column":6}},"37":{"start":{"line":106,"column":20},"end":{"line":106,"column":113}},"38":{"start":{"line":107,"column":4},"end":{"line":107,"column":null}},"39":{"start":{"line":107,"column":20},"end":{"line":107,"column":64}},"40":{"start":{"line":108,"column":4},"end":{"line":114,"column":6}},"41":{"start":{"line":118,"column":4},"end":{"line":118,"column":null}},"42":{"start":{"line":118,"column":27},"end":{"line":118,"column":64}},"43":{"start":{"line":119,"column":16},"end":{"line":140,"column":12}},"44":{"start":{"line":122,"column":24},"end":{"line":122,"column":45}},"45":{"start":{"line":123,"column":8},"end":{"line":123,"column":null}},"46":{"start":{"line":123,"column":24},"end":{"line":123,"column":35}},"47":{"start":{"line":124,"column":25},"end":{"line":124,"column":45}},"48":{"start":{"line":125,"column":8},"end":{"line":125,"column":null}},"49":{"start":{"line":125,"column":51},"end":{"line":125,"column":95}},"50":{"start":{"line":126,"column":8},"end":{"line":126,"column":96}},"51":{"start":{"line":126,"column":76},"end":{"line":126,"column":94}},"52":{"start":{"line":130,"column":24},"end":{"line":130,"column":47}},"53":{"start":{"line":131,"column":8},"end":{"line":131,"column":null}},"54":{"start":{"line":131,"column":24},"end":{"line":131,"column":35}},"55":{"start":{"line":132,"column":22},"end":{"line":132,"column":42}},"56":{"start":{"line":133,"column":20},"end":{"line":133,"column":40}},"57":{"start":{"line":134,"column":8},"end":{"line":134,"column":null}},"58":{"start":{"line":134,"column":66},"end":{"line":134,"column":110}},"59":{"start":{"line":135,"column":8},"end":{"line":135,"column":77}},"60":{"start":{"line":135,"column":60},"end":{"line":135,"column":75}},"61":{"start":{"line":139,"column":8},"end":{"line":139,"column":null}},"62":{"start":{"line":141,"column":19},"end":{"line":141,"column":35}},"63":{"start":{"line":142,"column":4},"end":{"line":142,"column":69}},"64":{"start":{"line":37,"column":0},"end":{"line":37,"column":22}}},"fnMap":{"0":{"name":"(anonymous_1)","decl":{"start":{"line":50,"column":2},"end":{"line":50,"column":null}},"loc":{"start":{"line":52,"column":51},"end":{"line":53,"column":6}}},"1":{"name":"(anonymous_2)","decl":{"start":{"line":55,"column":2},"end":{"line":55,"column":7}},"loc":{"start":{"line":55,"column":13},"end":{"line":74,"column":3}}},"2":{"name":"(anonymous_3)","decl":{"start":{"line":56,"column":33},"end":{"line":56,"column":38}},"loc":{"start":{"line":56,"column":44},"end":{"line":73,"column":5}}},"3":{"name":"(anonymous_4)","decl":{"start":{"line":76,"column":2},"end":{"line":76,"column":6}},"loc":{"start":{"line":76,"column":6},"end":{"line":78,"column":3}}},"4":{"name":"(anonymous_5)","decl":{"start":{"line":82,"column":2},"end":{"line":82,"column":6}},"loc":{"start":{"line":82,"column":11},"end":{"line":84,"column":3}}},"5":{"name":"(anonymous_6)","decl":{"start":{"line":86,"column":10},"end":{"line":86,"column":17}},"loc":{"start":{"line":86,"column":27},"end":{"line":93,"column":3}}},"6":{"name":"(anonymous_7)","decl":{"start":{"line":95,"column":2},"end":{"line":95,"column":8}},"loc":{"start":{"line":95,"column":19},"end":{"line":103,"column":3}}},"7":{"name":"(anonymous_8)","decl":{"start":{"line":105,"column":2},"end":{"line":105,"column":8}},"loc":{"start":{"line":105,"column":36},"end":{"line":115,"column":3}}},"8":{"name":"(anonymous_9)","decl":{"start":{"line":117,"column":10},"end":{"line":117,"column":16}},"loc":{"start":{"line":117,"column":88},"end":{"line":143,"column":3}}},"9":{"name":"(anonymous_10)","decl":{"start":{"line":121,"column":11},"end":{"line":121,"column":13}},"loc":{"start":{"line":121,"column":16},"end":{"line":127,"column":7}}},"10":{"name":"(anonymous_11)","decl":{"start":{"line":126,"column":70},"end":{"line":126,"column":72}},"loc":{"start":{"line":126,"column":76},"end":{"line":126,"column":94}}},"11":{"name":"(anonymous_12)","decl":{"start":{"line":129,"column":11},"end":{"line":129,"column":12}},"loc":{"start":{"line":129,"column":26},"end":{"line":136,"column":7}}},"12":{"name":"(anonymous_13)","decl":{"start":{"line":135,"column":54},"end":{"line":135,"column":56}},"loc":{"start":{"line":135,"column":60},"end":{"line":135,"column":75}}},"13":{"name":"(anonymous_14)","decl":{"start":{"line":138,"column":14},"end":{"line":138,"column":15}},"loc":{"start":{"line":138,"column":32},"end":{"line":140,"column":7}}}},"branchMap":{"0":{"loc":{"start":{"line":52,"column":11},"end":{"line":52,"column":51}},"type":"default-arg","locations":[{"start":{"line":52,"column":37},"end":{"line":52,"column":51}}]},"1":{"loc":{"start":{"line":59,"column":6},"end":{"line":59,"column":null}},"type":"if","locations":[{"start":{"line":59,"column":6},"end":{"line":59,"column":null}}]},"2":{"loc":{"start":{"line":60,"column":6},"end":{"line":72,"column":null}},"type":"if","locations":[{"start":{"line":60,"column":6},"end":{"line":72,"column":null}}]},"3":{"loc":{"start":{"line":60,"column":10},"end":{"line":60,"column":56}},"type":"binary-expr","locations":[{"start":{"line":60,"column":10},"end":{"line":60,"column":35}},{"start":{"line":60,"column":39},"end":{"line":60,"column":56}}]},"4":{"loc":{"start":{"line":63,"column":10},"end":{"line":68,"column":null}},"type":"if","locations":[{"start":{"line":63,"column":10},"end":{"line":68,"column":null}},{"start":{"line":66,"column":17},"end":{"line":68,"column":null}}]},"5":{"loc":{"start":{"line":65,"column":12},"end":{"line":65,"column":null}},"type":"if","locations":[{"start":{"line":65,"column":12},"end":{"line":65,"column":null}}]},"6":{"loc":{"start":{"line":87,"column":4},"end":{"line":87,"column":null}},"type":"if","locations":[{"start":{"line":87,"column":4},"end":{"line":87,"column":null}}]},"7":{"loc":{"start":{"line":87,"column":8},"end":{"line":87,"column":106}},"type":"binary-expr","locations":[{"start":{"line":87,"column":8},"end":{"line":87,"column":40}},{"start":{"line":87,"column":44},"end":{"line":87,"column":106}}]},"8":{"loc":{"start":{"line":88,"column":4},"end":{"line":88,"column":null}},"type":"if","locations":[{"start":{"line":88,"column":4},"end":{"line":88,"column":null}}]},"9":{"loc":{"start":{"line":88,"column":8},"end":{"line":88,"column":100}},"type":"binary-expr","locations":[{"start":{"line":88,"column":8},"end":{"line":88,"column":38}},{"start":{"line":88,"column":42},"end":{"line":88,"column":100}}]},"10":{"loc":{"start":{"line":89,"column":4},"end":{"line":89,"column":null}},"type":"if","locations":[{"start":{"line":89,"column":4},"end":{"line":89,"column":null}}]},"11":{"loc":{"start":{"line":89,"column":8},"end":{"line":89,"column":99}},"type":"binary-expr","locations":[{"start":{"line":89,"column":8},"end":{"line":89,"column":38}},{"start":{"line":89,"column":42},"end":{"line":89,"column":99}}]},"12":{"loc":{"start":{"line":90,"column":4},"end":{"line":90,"column":null}},"type":"if","locations":[{"start":{"line":90,"column":4},"end":{"line":90,"column":null}}]},"13":{"loc":{"start":{"line":90,"column":8},"end":{"line":90,"column":102}},"type":"binary-expr","locations":[{"start":{"line":90,"column":8},"end":{"line":90,"column":39}},{"start":{"line":90,"column":43},"end":{"line":90,"column":102}}]},"14":{"loc":{"start":{"line":91,"column":4},"end":{"line":91,"column":null}},"type":"if","locations":[{"start":{"line":91,"column":4},"end":{"line":91,"column":null}}]},"15":{"loc":{"start":{"line":91,"column":8},"end":{"line":91,"column":96}},"type":"binary-expr","locations":[{"start":{"line":91,"column":8},"end":{"line":91,"column":37}},{"start":{"line":91,"column":41},"end":{"line":91,"column":96}}]},"16":{"loc":{"start":{"line":107,"column":4},"end":{"line":107,"column":null}},"type":"if","locations":[{"start":{"line":107,"column":4},"end":{"line":107,"column":null}}]},"17":{"loc":{"start":{"line":118,"column":4},"end":{"line":118,"column":null}},"type":"if","locations":[{"start":{"line":118,"column":4},"end":{"line":118,"column":null}}]},"18":{"loc":{"start":{"line":123,"column":8},"end":{"line":123,"column":null}},"type":"if","locations":[{"start":{"line":123,"column":8},"end":{"line":123,"column":null}}]},"19":{"loc":{"start":{"line":125,"column":8},"end":{"line":125,"column":null}},"type":"if","locations":[{"start":{"line":125,"column":8},"end":{"line":125,"column":null}}]},"20":{"loc":{"start":{"line":125,"column":12},"end":{"line":125,"column":47}},"type":"binary-expr","locations":[{"start":{"line":125,"column":12},"end":{"line":125,"column":24}},{"start":{"line":125,"column":28},"end":{"line":125,"column":47}}]},"21":{"loc":{"start":{"line":131,"column":8},"end":{"line":131,"column":null}},"type":"if","locations":[{"start":{"line":131,"column":8},"end":{"line":131,"column":null}}]},"22":{"loc":{"start":{"line":134,"column":8},"end":{"line":134,"column":null}},"type":"if","locations":[{"start":{"line":134,"column":8},"end":{"line":134,"column":null}}]},"23":{"loc":{"start":{"line":134,"column":12},"end":{"line":134,"column":62}},"type":"binary-expr","locations":[{"start":{"line":134,"column":12},"end":{"line":134,"column":28}},{"start":{"line":134,"column":32},"end":{"line":134,"column":44}},{"start":{"line":134,"column":48},"end":{"line":134,"column":62}}]}},"s":{"0":7,"1":7,"2":7,"3":7,"4":7,"5":0,"6":0,"7":0,"8":0,"9":0,"10":0,"11":0,"12":0,"13":0,"14":0,"15":0,"16":0,"17":0,"18":0,"19":0,"20":0,"21":0,"22":0,"23":0,"24":0,"25":0,"26":0,"27":0,"28":0,"29":0,"30":0,"31":0,"32":0,"33":0,"34":0,"35":0,"36":0,"37":0,"38":0,"39":0,"40":0,"41":0,"42":0,"43":0,"44":0,"45":0,"46":0,"47":0,"48":0,"49":0,"50":0,"51":0,"52":0,"53":0,"54":0,"55":0,"56":0,"57":0,"58":0,"59":0,"60":0,"61":0,"62":0,"63":0,"64":7},"f":{"0":0,"1":0,"2":0,"3":0,"4":0,"5":0,"6":0,"7":0,"8":0,"9":0,"10":0,"11":0,"12":0,"13":0},"b":{"0":[0],"1":[0],"2":[0],"3":[0,0],"4":[0,0],"5":[0],"6":[0],"7":[0,0],"8":[0],"9":[0,0],"10":[0],"11":[0,0],"12":[0],"13":[0,0],"14":[0],"15":[0,0],"16":[0],"17":[0],"18":[0],"19":[0],"20":[0,0],"21":[0],"22":[0],"23":[0,0,0]}}
,"/Users/dana/d4lton-modules/utilities/src/redis/RedisPool.ts": {"path":"/Users/dana/d4lton-modules/utilities/src/redis/RedisPool.ts","statementMap":{"0":{"start":{"line":5,"column":0},"end":{"line":5,"column":28}},"1":{"start":{"line":6,"column":0},"end":{"line":6,"column":52}},"2":{"start":{"line":8,"column":0},"end":{"line":8,"column":60}},"3":{"start":{"line":9,"column":0},"end":{"line":9,"column":39}},"4":{"start":{"line":11,"column":15},"end":{"line":11,"column":44}},"5":{"start":{"line":21,"column":20},"end":{"line":21,"column":21}},"6":{"start":{"line":23,"column":40},"end":{"line":23,"column":42}},"7":{"start":{"line":29,"column":17},"end":{"line":29,"column":59}},"8":{"start":{"line":30,"column":21},"end":{"line":30,"column":55}},"9":{"start":{"line":30,"column":46},"end":{"line":30,"column":54}},"10":{"start":{"line":31,"column":4},"end":{"line":36,"column":null}},"11":{"start":{"line":32,"column":6},"end":{"line":32,"column":null}},"12":{"start":{"line":32,"column":42},"end":{"line":32,"column":81}},"13":{"start":{"line":33,"column":21},"end":{"line":33,"column":43}},"14":{"start":{"line":34,"column":6},"end":{"line":34,"column":68}},"15":{"start":{"line":35,"column":6},"end":{"line":35,"column":37}},"16":{"start":{"line":37,"column":4},"end":{"line":37,"column":27}},"17":{"start":{"line":38,"column":4},"end":{"line":38,"column":22}},"18":{"start":{"line":42,"column":4},"end":{"line":42,"column":67}},"19":{"start":{"line":42,"column":42},"end":{"line":42,"column":65}},"20":{"start":{"line":43,"column":4},"end":{"line":43,"column":28}},"21":{"start":{"line":48,"column":4},"end":{"line":55,"column":null}},"22":{"start":{"line":49,"column":6},"end":{"line":49,"column":40}},"23":{"start":{"line":50,"column":6},"end":{"line":50,"column":47}},"24":{"start":{"line":52,"column":6},"end":{"line":52,"column":34}},"25":{"start":{"line":54,"column":6},"end":{"line":54,"column":37}},"26":{"start":{"line":59,"column":4},"end":{"line":63,"column":7}},"27":{"start":{"line":60,"column":21},"end":{"line":60,"column":70}},"28":{"start":{"line":61,"column":6},"end":{"line":61,"column":29}},"29":{"start":{"line":62,"column":6},"end":{"line":62,"column":22}},"30":{"start":{"line":67,"column":17},"end":{"line":67,"column":63}},"31":{"start":{"line":68,"column":17},"end":{"line":68,"column":56}},"32":{"start":{"line":69,"column":4},"end":{"line":69,"column":57}},"33":{"start":{"line":70,"column":4},"end":{"line":86,"column":6}},"34":{"start":{"line":75,"column":10},"end":{"line":75,"column":51}},"35":{"start":{"line":76,"column":10},"end":{"line":79,"column":null}},"36":{"start":{"line":77,"column":12},"end":{"line":77,"column":52}},"37":{"start":{"line":78,"column":12},"end":{"line":78,"column":52}},"38":{"start":{"line":80,"column":30},"end":{"line":80,"column":100}},"39":{"start":{"line":81,"column":10},"end":{"line":81,"column":133}},"40":{"start":{"line":90,"column":4},"end":{"line":92,"column":null}},"41":{"start":{"line":91,"column":6},"end":{"line":91,"column":43}},"42":{"start":{"line":19,"column":0},"end":{"line":19,"column":13}}},"fnMap":{"0":{"name":"(anonymous_1)","decl":{"start":{"line":25,"column":2},"end":{"line":25,"column":null}},"loc":{"start":{"line":25,"column":2},"end":{"line":26,"column":3}}},"1":{"name":"(anonymous_2)","decl":{"start":{"line":28,"column":2},"end":{"line":28,"column":7}},"loc":{"start":{"line":28,"column":15},"end":{"line":39,"column":3}}},"2":{"name":"(anonymous_3)","decl":{"start":{"line":30,"column":40},"end":{"line":30,"column":42}},"loc":{"start":{"line":30,"column":46},"end":{"line":30,"column":54}}},"3":{"name":"(anonymous_4)","decl":{"start":{"line":41,"column":2},"end":{"line":41,"column":7}},"loc":{"start":{"line":41,"column":43},"end":{"line":44,"column":3}}},"4":{"name":"(anonymous_5)","decl":{"start":{"line":42,"column":36},"end":{"line":42,"column":38}},"loc":{"start":{"line":42,"column":42},"end":{"line":42,"column":65}}},"5":{"name":"(anonymous_6)","decl":{"start":{"line":46,"column":2},"end":{"line":46,"column":7}},"loc":{"start":{"line":46,"column":70},"end":{"line":56,"column":3}}},"6":{"name":"(anonymous_7)","decl":{"start":{"line":58,"column":2},"end":{"line":58,"column":8}},"loc":{"start":{"line":58,"column":19},"end":{"line":64,"column":3}}},"7":{"name":"(anonymous_8)","decl":{"start":{"line":59,"column":23},"end":{"line":59,"column":28}},"loc":{"start":{"line":59,"column":49},"end":{"line":63,"column":5}}},"8":{"name":"(anonymous_9)","decl":{"start":{"line":66,"column":2},"end":{"line":66,"column":8}},"loc":{"start":{"line":66,"column":19},"end":{"line":87,"column":3}}},"9":{"name":"(anonymous_10)","decl":{"start":{"line":74,"column":27},"end":{"line":74,"column":28}},"loc":{"start":{"line":74,"column":63},"end":{"line":82,"
[...]
,"/Users/dana/d4lton-modules/utilities/src/stream/StreamIterators.ts": {"path":"/Users/dana/d4lton-modules/utilities/src/stream/StreamIterators.ts","statementMap":{"0":{"start":{"line":10,"column":19},"end":{"line":10,"column":37}},"1":{"start":{"line":11,"column":4},"end":{"line":15,"column":null}},"2":{"start":{"line":12,"column":28},"end":{"line":12,"column":47}},"3":{"start":{"line":13,"column":6},"end":{"line":13,"column":23}},"4":{"start":{"line":13,"column":16},"end":{"line":13,"column":23}},"5":{"start":{"line":14,"column":6},"end":{"line":14,"column":18}},"6":{"start":{"line":19,"column":17},"end":{"line":19,"column":19}},"7":{"start":{"line":20,"column":4},"end":{"line":28,"column":null}},"8":{"start":{"line":21,"column":6},"end":{"line":21,"column":21}},"9":{"start":{"line":22,"column":20},"end":{"line":22,"column":42}},"10":{"start":{"line":23,"column":6},"end":{"line":27,"column":null}},"11":{"start":{"line":24,"column":21},"end":{"line":24,"column":49}},"12":{"start":{"line":25,"column":8},"end":{"line":25,"column":47}},"13":{"start":{"line":26,"column":8},"end":{"line":26,"column":19}},"14":{"start":{"line":29,"column":4},"end":{"line":29,"column":null}},"15":{"start":{"line":29,"column":25},"end":{"line":29,"column":38}},"16":{"start":{"line":33,"column":18},"end":{"line":33,"column":76}},"17":{"start":{"line":34,"column":4},"end":{"line":64,"column":null}},"18":{"start":{"line":35,"column":6},"end":{"line":60,"column":null}},"19":{"start":{"line":36,"column":8},"end":{"line":36,"column":34}},"20":{"start":{"line":37,"column":8},"end":{"line":42,"column":null}},"21":{"start":{"line":38,"column":10},"end":{"line":38,"column":34}},"22":{"start":{"line":40,"column":10},"end":{"line":40,"column":null}},"23":{"start":{"line":40,"column":36},"end":{"line":40,"column":59}},"24":{"start":{"line":41,"column":10},"end":{"line":41,"column":null}},"25":{"start":{"line":41,"column":35},"end":{"line":41,"column":72}},"26":{"start":{"line":43,"column":8},"end":{"line":59,"column":null}},"27":{"start":{"line":44,"column":10},"end":{"line":44,"column":null}},"28":{"start":{"line":44,"column":35},"end":{"line":44,"column":56}},"29":{"start":{"line":45,"column":10},"end":{"line":58,"column":null}},"30":{"start":{"line":46,"column":12},"end":{"line":46,"column":33}},"31":{"start":{"line":47,"column":12},"end":{"line":49,"column":null}},"32":{"start":{"line":48,"column":14},"end":{"line":48,"column":65}},"33":{"start":{"line":50,"column":12},"end":{"line":57,"column":null}},"34":{"start":{"line":51,"column":14},"end":{"line":55,"column":null}},"35":{"start":{"line":52,"column":16},"end":{"line":52,"column":47}},"36":{"start":{"line":54,"column":16},"end":{"line":54,"column":69}},"37":{"start":{"line":56,"column":14},"end":{"line":56,"column":83}},"38":{"start":{"line":61,"column":6},"end":{"line":63,"column":null}},"39":{"start":{"line":62,"column":8},"end":{"line":62,"column":59}},"40":{"start":{"line":7,"column":0},"end":{"line":7,"column":13}}},"fnMap":{"0":{"name":"(anonymous_0)","decl":{"start":{"line":9,"column":2},"end":{"line":9,"column":8}},"loc":{"start":{"line":9,"column":52},"end":{"line":16,"column":3}}},"1":{"name":"(anonymous_1)","decl":{"start":{"line":18,"column":2},"end":{"line":18,"column":8}},"loc":{"start":{"line":18,"column":51},"end":{"line":30,"column":3}}},"2":{"name":"(anonymous_2)","decl":{"start":{"line":32,"column":2},"end":{"line":32,"column":8}},"loc":{"start":{"line":32,"column":52},"end":{"line":65,"column":3}}}},"branchMap":{"0":{"loc":{"start":{"line":13,"column":6},"end":{"line":13,"column":23}},"type":"if","locations":[{"start":{"line":13,"column":6},"end":{"line":13,"column":23}}]},"1":{"loc":{"start":{"line":23,"column":6},"end":{"line":27,"column":null}},"type":"if","locations":[{"start":{"line":23,"column":6},"end":{"line":27,"column":null}}]},"2":{"loc":{"start":{"line":29,"column":4},"end":{"line":29,"column":null}},"type":"if","locations":[{"start":{"line":29,"column":4},"end":{"line":29,"column":null}}]},"3":{"loc":{"start":{"line":37,"column":8},"end":{"line":42,"column":null}},"type":"if","locations":[{"start":{"line":37,"column":8},"end":{"line":42,"column":null}},{"start":{"line":39,"column":15},"end":{"line":42,"column":null}}]},"4":{"loc":{"start":{"line":40,"column":10},"end":{"line":40,"column":null}},"type":"if","locations":[{"start":{"line":40,"column":10},"end":{"line":40,"column":null}}]},"5":{"loc":{"start":{"line":41,"column":10},"end":{"line":41,"column":null}},"type":"if","locations":[{"start":{"line":41,"column":10},"end":{"line":41,"column":null}}]},"6":{"loc":{"start":{"line":43,"column":8},"end":{"line":59,"column":null}},"type":"if","locations":[{"start":{"line":43,"column":8},"end":{"line":59,"column":null}}]},"7":{"loc":{"start":{"line":44,"column":10},"end":{"line":44,"column":null}},"type":"if","locations":[{"start":{"line":44,"column":10},"end":{"line":44,"column":null}}]},"8":{"loc":{"start":{"line":45,"column":10},"end":{"line":58,"column":null}},"type":"if","locations":[{"start":{"line":45,"column":10},"end":{"line":58,"column":null}}]},"9":{"loc":{"start":{"line":47,"column":12},"end":{"line":49,"column":null}},"type":"if","locations":[{"start":{"line":47,"column":12},"end":{"line":49,"column":null}}]},"10":{"loc":{"start":{"line":50,"column":12},"end":{"line":57,"column":null}},"type":"if","locations":[{"start":{"line":50,"column":12},"end":{"line":57,"column":null}}]},"11":{"loc":{"start":{"line":61,"column":6},"end":{"line":63,"column":null}},"type":"if","locations":[{"start":{"line":61,"column":6},"end":{"line":63,"column":null}}]},"12":{"loc":{"start":{"line":61,"column":10},"end":{"line":61,"column":73}},"type":"binary-expr","locations":[{"start":{"line":61,"column":10},"end":{"line":61,"column":34}},{"start":{"line":61,"column":38},"end":{"line":61,"column":54}},{"start":{"line":61,"column":58},"end":{"line":61,"column":73}}]}},"s":{"0":0,"1":0,"2":0,"3":0,"4":0,"5":0,"6":0,"7":0,"8":0,"9":0,"10":0,"11":0,"12":0,"13":0,"14":0,"15":0,"16":0,"17":0,"18":0,"19":0,"20":0,"21":0,"22":0,"23":0,"24":0,"25":0,"26":0,"27":0,"28":0,"29":0,"30":0,"31":0,"32":0,"33":0,"34":0,"35":0,"36":0,"37":0,"38":0,"39":0,"40":7},"f":{"0":0,"1":0,"2":0},"b":{"0":[0],"1":[0],"2":[0],"3":[0,0],"4":[0],"5":[0],"6":[0],"7":[0],"8":[0],"9":[0],"10":[0],"11":[0],"12":[0,0,0]}}
,"/Users/dana/d4lton-modules/utilities/src/utilities/ObjectUtilities.ts": {"path":"/Users/dana/d4lton-modules/utilities/src/utilities/ObjectUtilities.ts","statementMap":{"0":{"start":{"line":5,"column":0},"end":{"line":5,"column":30}},"1":{"start":{"line":13,"column":4},"end":{"line":13,"column":null}},"2":{"start":{"line":13,"column":34},"end":{"line":13,"column":55}},"3":{"start":{"line":14,"column":4},"end":{"line":14,"column":null}},"4":{"start":{"line":14,"column":39},"end":{"line":14,"column":60}},"5":{"start":{"line":15,"column":18},"end":{"line":15,"column":32}},"6":{"start":{"line":16,"column":17},"end":{"line":16,"column":23}},"7":{"start":{"line":17,"column":4},"end":{"line":32,"column":7}},"8":{"start":{"line":18,"column":6},"end":{"line":31,"column":null}},"9":{"start":{"line":19,"column":28},"end":{"line":19,"column":30}},"10":{"start":{"line":20,"column":22},"end":{"line":20,"column":52}},"11":{"start":{"line":21,"column":8},"end":{"line":24,"column":null}},"12":{"start":{"line":22,"column":10},"end":{"line":22,"column":26}},"13":{"start":{"line":23,"column":10},"end":{"line":23,"column":37}},"14":{"start":{"line":25,"column":8},"end":{"line":25,"column":65}},"15":{"start":{"line":26,"column":8},"end":{"line":28,"column":null}},"16":{"start":{"line":27,"column":10},"end":{"line":27,"column":69}},"17":{"start":{"line":30,"column":8},"end":{"line":30,"column":27}},"18":{"start":{"line":33,"column":4},"end":{"line":33,"column":59}},"19":{"start":{"line":40,"column":4},"end":{"line":40,"column":null}},"20":{"start":{"line":40,"column":65},"end":{"line":40,"column":71}},"21":{"start":{"line":41,"column":18},"end":{"line":41,"column":32}},"22":{"start":{"line":42,"column":15},"end":{"line":42,"column":21}},"23":{"start":{"line":43,"column":4},"end":{"line":46,"column":7}},"24":{"start":{"line":44,"column":6},"end":{"line":44,"column":null}},"25":{"start":{"line":44,"column":25},"end":{"line":44,"column":42}},"26":{"start":{"line":45,"column":6},"end":{"line":45,"column":null}},"27":{"start":{"line":45,"column":38},"end":{"line":45,"column":57}},"28":{"start":{"line":45,"column":65},"end":{"line":45,"column":85}},"29":{"start":{"line":53,"column":4},"end":{"line":57,"column":null}},"30":{"start":{"line":54,"column":6},"end":{"line":56,"column":16}},"31":{"start":{"line":55,"column":8},"end":{"line":55,"column":95}},"32":{"start":{"line":58,"column":4},"end":{"line":58,"column":18}},"33":{"start":{"line":7,"column":0},"end":{"line":7,"column":13}}},"fnMap":{"0":{"name":"(anonymous_0)","decl":{"start":{"line":12,"column":2},"end":{"line":12,"column":8}},"loc":{"start":{"line":12,"column":71},"end":{"line":34,"column":3}}},"1":{"name":"(anonymous_1)","decl":{"start":{"line":17,"column":18},"end":{"line":17,"column":22}},"loc":{"start":{"line":17,"column":25},"end":{"line":32,"column":5}}},"2":{"name":"(anonymous_2)","decl":{"start":{"line":39,"column":2},"end":{"line":39,"column":8}},"loc":{"start":{"line":39,"column":63},"end":{"line":47,"column":3}}},"3":{"name":"(anonymous_3)","decl":{"start":{"line":43,"column":18},"end":{"line":43,"column":19}},"loc":{"start":{"line":43,"column":34},"end":{"line":46,"column":5}}},"4":{"name":"(anonymous_4)","decl":{"start":{"line":52,"column":2},"end":{"line":52,"column":8}},"loc":{"start":{"line":52,"column":46},"end":{"line":59,"column":3}}},"5":{"name":"(anonymous_5)","decl":{"start":{"line":54,"column":37},"end":{"line":54,"column":40}},"loc":{"start":{"line":54,"column":43},"end":{"line":56,"column":7}}}},"branchMap":{"0":{"loc":{"start":{"line":13,"column":4},"end":{"line":13,"column":null}},"type":"if","locations":[{"start":{"line":13,"column":4},"end":{"line":13,"column":null}}]},"1":{"loc":{"start":{"line":14,"column":4},"end":{"line":14,"column":null}},"type":"if","locations":[{"start":{"line":14,"column":4},"end":{"line":14,"column":null}}]},"2":{"loc":{"start":{"line":21,"column":8},"end":{"line":24,"column":null}},"type":"if","locations":[{"start":{"line":21,"column":8},"end":{"line":24,"column":null}}]},"3":{"loc":{"start":{"line":25,"column":17},"end":{"line":25,"column":64}},"type":"cond-expr","locations":[{"start":{"line":25,"column":40},"end":{"line":25,"column":52}},{"start":{"line":25,"column":55},"end":{"line":25,"column":64}}]},"4":{"loc":{"start":{"line":26,"column":8},"end":{"line":28,"column":null}},"type":"if","locations":[{"start":{"line":26,"column":8},"end":{"line":28,"column":null}}]},"5":{"loc":{"start":{"line":27,"column":19},"end":{"line":27,"column":68}},"type":"cond-expr","locations":[{"start":{"line":27,"column":43},"end":{"line":27,"column":56}},{"start":{"line":27,"column":59},"end":{"line":27,"column":68}}]},"6":{"loc":{"start":{"line":33,"column":11},"end":{"line":33,"column":58}},"type":"cond-expr","locations":[{"start":{"line":33,"column":37},"end":{"line":33,"column":43}},{"start":{"line":33,"column":46},"end":{"line":33,"column":58}}]},"7":{"loc":{"start":{"line":40,"column":4},"end":{"line":40,"column":null}},"type":"if","locations":[{"start":{"line":40,"column":4},"end":{"line":40,"column":null}}]},"8":{"loc":{"start":{"line":40,"column":8},"end":{"line":40,"column":61}},"type":"binary-expr","locations":[{"start":{"line":40,"column":8},"end":{"line":40,"column":30}},{"start":{"line":40,"column":34},"end":{"line":40,"column":61}}]},"9":{"loc":{"start":{"line":44,"column":6},"end":{"line":44,"column":null}},"type":"if","locations":[{"start":{"line":44,"column":6},"end":{"line":44,"column":null}}]},"10":{"loc":{"start":{"line":45,"column":6},"end":{"line":45,"column":null}},"type":"if","locations":[{"start":{"line":45,"column":6},"end":{"line":45,"column":null}},{"start":{"line":45,"column":63},"end":{"line":45,"column":null}}]},"11":{"loc":{"start":{"line":53,"column":4},"end":{"line":57,"column":null}},"type":"if","locations":[{"start":{"line":53,"column":4},"end":{"line":57,"column":null}}]},"12":{"loc":{"start":{"line":55,"column":59},"end":{"line":55,"column":85}},"type":"cond-expr","locations":[{"start":{"line":55,"column":68},"end":{"line":55,"column":80}},{"start":{"line":55,"column":83},"end":{"line":55,"column":85}}]}},"s":{"0":7,"1":211,"2":0,"3":211,"4":0,"5":211,"6":211,"7":211,"8":313,"9":313,"10":313,"11":313,"12":3,"13":3,"14":313,"15":313,"16":3,"17":0,"18":211,"19":68,"20":0,"21":68,"22":68,"23":68,"24":82,"25":17,"26":82,"27":14,"28":68,"29":96,"30":33,"31":75,"32":63,"33":7},"f":{"0":211,"1":313,"2":68,"3":82,"4":96,"5":75},"b":{"0":[0],"1":[0],"2":[3],"3":[244,69],"4":[3],"5":[3,0],"6":[138,73],"7":[0],"8":[68,68],"9":[17],"10":[14,68],"11":[33],"12":[12,63]}}
,"/Users/dana/d4lton-modules/utilities/src/utilities/Utilities.ts": {"path":"/Users/dana/d4lton-modules/utilities/src/utilities/Utilities.ts","statementMap":{"0":{"start":{"line":11,"column":4},"end":{"line":19,"column":7}},"1":{"start":{"line":13,"column":8},"end":{"line":13,"column":30}},"2":{"start":{"line":14,"column":8},"end":{"line":14,"column":64}},"3":{"start":{"line":15,"column":8},"end":{"line":15,"column":18}},"4":{"start":{"line":17,"column":22},"end":{"line":17,"column":44}},"5":{"start":{"line":18,"column":6},"end":{"line":18,"column":59}},"6":{"start":{"line":26,"column":4},"end":{"line":26,"column":49}},"7":{"start":{"line":36,"column":4},"end":{"line":36,"column":null}},"8":{"start":{"line":36,"column":35},"end":{"line":36,"column":47}},"9":{"start":{"line":37,"column":4},"end":{"line":37,"column":null}},"10":{"start":{"line":37,"column":32},"end":{"line":37,"column":58}},"11":{"start":{"line":38,"column":4},"end":{"line":38,"column":null}},"12":{"start":{"line":38,"column":37},"end":{"line":38,"column":63}},"13":{"start":{"line":39,"column":4},"end":{"line":39,"column":null}},"14":{"start":{"line":39,"column":37},"end":{"line":39,"column":76}},"15":{"start":{"line":40,"column":4},"end":{"line":40,"column":17}},"16":{"start":{"line":47,"column":4},"end":{"line":47,"column":null}},"17":{"start":{"line":47,"column":35},"end":{"line":47,"column":48}},"18":{"start":{"line":48,"column":4},"end":{"line":48,"column":64}},"19":{"start":{"line":55,"column":4},"end":{"line":55,"column":70}},"20":{"start":{"line":56,"column":4},"end":{"line":56,"column":48}},"21":{"start":{"line":63,"column":4},"end":{"line":72,"column":null}},"22":{"start":{"line":65,"column":8},"end":{"line":65,"column":null}},"23":{"start":{"line":65,"column":41},"end":{"line":65,"column":54}},"24":{"start":{"line":66,"column":8},"end":{"line":66,"column":14}},"25":{"start":{"line":68,"column":8},"end":{"line":68,"column":null}},"26":{"start":{"line":68,"column":76},"end":{"line":68,"column":89}},"27":{"start":{"line":69,"column":8},"end":{"line":69,"column":14}},"28":{"start":{"line":71,"column":8},"end":{"line":71,"column":20}},"29":{"start":{"line":73,"column":4},"end":{"line":73,"column":16}},"30":{"start":{"line":77,"column":4},"end":{"line":77,"column":59}},"31":{"start":{"line":5,"column":0},"end":{"line":5,"column":13}}},"fnMap":{"0":{"name":"(anonymous_0)","decl":{"start":{"line":10,"column":2},"end":{"line":10,"column":8}},"loc":{"start":{"line":10,"column":61},"end":{"line":20,"column":3}}},"1":{"name":"(anonymous_1)","decl":{"start":{"line":11,"column":29},"end":{"line":11,"column":30}},"loc":{"start":{"line":11,"column":51},"end":{"line":19,"column":5}}},"2":{"name":"awaken","decl":{"start":{"line":12,"column":15},"end":{"line":12,"column":21}},"loc":{"start":{"line":12,"column":21},"end":{"line":16,"column":7}}},"3":{"name":"(anonymous_3)","decl":{"start":{"line":25,"column":2},"end":{"line":25,"column":8}},"loc":{"start":{"line":25,"column":25},"end":{"line":27,"column":3}}},"4":{"name":"(anonymous_4)","decl":{"start":{"line":35,"column":2},"end":{"line":35,"column":8}},"loc":{"start":{"line":35,"column":27},"end":{"line":41,"column":3}}},"5":{"name":"(anonymous_5)","decl":{"start":{"line":46,"column":2},"end":{"line":46,"column":8}},"loc":{"start":{"line":46,"column":28},"end":{"line":49,"column":3}}},"6":{"name":"(anonymous_6)","decl":{"start":{"line":54,"column":2},"end":{"line":54,"column":8}},"loc":{"start":{"line":54,"column":60},"end":{"line":57,"column":3}}},"7":{"name":"(anonymous_7)","decl":{"start":{"line":62,"column":2},"end":{"line":62,"column":8}},"loc":{"start":{"line":62,"column":40},"end":{"line":74,"column":3}}},"8":{"name":"(anonymous_8)","decl":{"start":{"line":76,"column":2},"end":{"line":76,"column":8}},"loc":{"start":{"line":76,"column":24},"end":{"line":78,"column":3}}}},"branchMap":{"0":{"loc":{"start":{"line":26,"column":11},"end":{"line":26,"column":48}},"type":"binary-expr","locations":[{"start":{"line":26,"column":11},"end":{"line":26,"column":30}},{"start":{"line":26,"column":34},"end":{"line":26,"column":48}}]},"1":{"loc":{"start":{"line":36,"column":4},"end":{"line":36,"column":null}},"type":"if","locations":[{"start":{"line":36,"column":4},"end":{"line":36,"column":null}}]},"2":{"loc":{"start":{"line":37,"column":4},"end":{"line":37,"column":null}},"type":"if","locations":[{"start":{"line":37,"column":4},"end":{"line":37,"column":null}}]},"3":{"loc":{"start":{"line":38,"column":4},"end":{"line":38,"column":null}},"type":"if","locations":[{"start":{"line":38,"column":4},"end":{"line":38,"column":null}}]},"4":{"loc":{"start":{"line":39,"column":4},"end":{"line":39,"column":null}},"type":"if","locations":[{"start":{"line":39,"column":4},"end":{"line":39,"column":null}}]},"5":{"loc":{"start":{"line":47,"column":4},"end":{"line":47,"column":null}},"type":"if","locations":[{"start":{"line":47,"column":4},"end":{"line":47,"column":null}}]},"6":{"loc":{"start":{"line":48,"column":12},"end":{"line":48,"column":62}},"type":"binary-expr","locations":[{"start":{"line":48,"column":12},"end":{"line":48,"column":37}},{"start":{"line":48,"column":41},"end":{"line":48,"column":62}}]},"7":{"loc":{"start":{"line":55,"column":13},"end":{"line":55,"column":69}},"type":"cond-expr","locations":[{"start":{"line":55,"column":42},"end":{"line":55,"column":48}},{"start":{"line":55,"column":51},"end":{"line":55,"column":69}}]},"8":{"loc":{"start":{"line":63,"column":4},"end":{"line":72,"column":null}},"type":"switch","locations":[{"start":{"line":64,"column":6},"end":{"line":66,"column":14}},{"start":{"line":67,"column":6},"end":{"line":69,"column":14}},{"start":{"line":70,"column":6},"end":{"line":71,"column":20}}]},"9":{"loc":{"start":{"line":65,"column":8},"end":{"line":65,"column":null}},"type":"if","locations":[{"start":{"line":65,"column":8},"end":{"line":65,"column":null}}]},"10":{"loc":{"start":{"line":68,"column":8},"end":{"line":68,"column":null}},"type":"if","locations":[{"start":{"line":68,"column":8},"end":{"line":68,"column":null}}]},"11":{"loc":{"start":{"line":68,"column":12},"end":{"line":68,"column":72}},"type":"binary-expr","locations":[{"start":{"line":68,"column":12},"end":{"line":68,"column":37}},{"start":{"line":68,"column":41},"end":{"line":68,"column":72}}]},"12":{"loc":{"start":{"line":77,"column":11},"end":{"line":77,"column":58}},"type":"binary-expr","locations":[{"start":{"line":77,"column":11},"end":{"line":77,"column":31}},{"start":{"line":77,"column":35},"end":{"line":77,"column":58}}]}},"s":{"0":2,"1":2,"2":2,"3":2,"4":2,"5":2,"6":927,"7":303,"8":2,"9":301,"10":2,"11":299,"12":281,"13":18,"14":17,"15":1,"16":402,"17":2,"18":400,"19":4,"20":4,"21":5,"22":2,"23":1,"24":1,"25":2,"26":1,"27":1,"28":1,"29":2,"30":1,"31":7},"f":{"0":2,"1":2,"2":2,"3":927,"4":303,"5":402,"6":4,"7":5,"8":1},"b":{"0":[927,850],"1":[2],"2":[2],"3":[281],"4":[17],"5":[2],"6":[400,333],"7":[2,2],"8":[2,2,1],"9":[1],"10":[1],"11":[2,1],"12":[1,0]}}
}
