TN:
SF:src/Config.ts
FN:12,(anonymous_1)
FN:21,(anonymous_2)
FN:35,(anonymous_3)
FN:42,(anonymous_4)
FN:49,(anonymous_5)
FN:65,(anonymous_6)
FN:75,(anonymous_7)
FN:82,(anonymous_8)
FN:94,(anonymous_9)
FNF:9
FNH:7
FNDA:19,(anonymous_1)
FNDA:19,(anonymous_2)
FNDA:3,(anonymous_3)
FNDA:3,(anonymous_4)
FNDA:0,(anonymous_5)
FNDA:2,(anonymous_6)
FNDA:0,(anonymous_7)
FNDA:66,(anonymous_8)
FNDA:137,(anonymous_9)
DA:5,7
DA:6,7
DA:11,7
DA:12,19
DA:13,19
DA:20,7
DA:21,19
DA:22,19
DA:26,7
DA:28,7
DA:30,7
DA:36,3
DA:43,3
DA:50,0
DA:51,0
DA:52,0
DA:53,0
DA:55,0
DA:66,2
DA:76,0
DA:83,66
DA:84,66
DA:85,66
DA:86,19
DA:87,19
DA:95,137
LF:26
LH:20
BRDA:85,0,0,19
BRF:1
BRH:1
end_of_record
TN:
SF:src/EnglishMs.ts
FN:11,(anonymous_0)
FN:26,(anonymous_1)
FN:35,(anonymous_2)
FNF:3
FNH:3
FNDA:12,(anonymous_0)
FNDA:1,(anonymous_1)
FNDA:17,(anonymous_2)
DA:5,7
DA:12,12
DA:13,12
DA:14,12
DA:15,12
DA:16,12
DA:17,12
DA:18,12
DA:19,12
DA:27,1
DA:28,1
DA:29,1
DA:36,17
DA:37,4
DA:38,5
DA:39,2
DA:40,4
DA:41,2
DA:42,0
LF:19
LH:18
BRDA:13,0,0,0
BRDA:14,1,0,12
BRDA:14,1,1,10
BRDA:19,2,0,10
BRDA:19,2,1,2
BRDA:36,3,0,4
BRDA:36,3,1,5
BRDA:36,3,2,2
BRDA:36,3,3,4
BRDA:36,3,4,2
BRDA:36,3,5,0
BRF:11
BRH:9
end_of_record
TN:
SF:src/Logging.ts
FN:12,(anonymous_1)
FN:43,(anonymous_2)
FNF:2
FNH:1
FNDA:1,(anonymous_1)
FNDA:0,(anonymous_2)
DA:5,7
DA:6,7
DA:8,7
DA:13,1
DA:15,1
DA:17,1
DA:27,1
DA:28,0
DA:41,1
DA:42,1
DA:43,1
DA:44,0
DA:47,1
LF:13
LH:11
BRDA:13,0,0,0
BRDA:27,1,0,0
BRDA:33,2,0,0
BRDA:33,2,1,0
BRF:4
BRH:0
end_of_record
TN:
SF:src/Package.ts
FN:13,(anonymous_1)
FN:14,(anonymous_2)
FN:15,(anonymous_3)
FN:16,(anonymous_4)
FN:18,(anonymous_5)
FN:30,(anonymous_6)
FN:32,(anonymous_7)
FN:39,(anonymous_8)
FNF:8
FNH:5
FNDA:1,(anonymous_1)
FNDA:0,(anonymous_2)
FNDA:0,(anonymous_3)
FNDA:0,(anonymous_4)
FNDA:1,(anonymous_5)
FNDA:3,(anonymous_6)
FNDA:19,(anonymous_7)
FNDA:1,(anonymous_8)
DA:5,7
DA:6,7
DA:8,7
DA:10,1
DA:13,1
DA:14,0
DA:15,0
DA:16,0
DA:19,1
DA:20,1
DA:21,1
DA:22,1
DA:23,0
DA:24,0
DA:26,1
DA:31,3
DA:32,19
DA:33,3
DA:34,2
DA:35,2
DA:36,0
DA:40,1
DA:41,1
DA:42,1
DA:43,1
DA:44,1
DA:46,0
DA:50,1
LF:28
LH:21
BRDA:22,0,0,0
BRDA:22,0,1,1
BRDA:31,1,0,1
BRDA:33,2,0,1
BRDA:35,3,0,2
BRDA:35,4,0,2
BRDA:35,4,1,2
BRDA:40,5,0,1
BRDA:42,6,0,1
BRF:9
BRH:8
end_of_record
TN:
SF:src/index.ts
FN:5,(anonymous_0)
FN:5,(anonymous_1)
FN:5,(anonymous_2)
FN:6,(anonymous_3)
FN:7,(anonymous_4)
FN:8,(anonymous_5)
FN:9,(anonymous_6)
FN:10,(anonymous_7)
FN:11,(anonymous_8)
FN:12,(anonymous_9)
FN:13,(anonymous_10)
FN:14,(anonymous_11)
FN:15,(anonymous_12)
FN:16,(anonymous_13)
FN:17,(anonymous_14)
FN:18,(anonymous_15)
FN:19,(anonymous_16)
FNF:17
FNH:8
FNDA:89,(anonymous_0)
FNDA:0,(anonymous_1)
FNDA:0,(anonymous_2)
FNDA:17,(anonymous_3)
FNDA:287,(anonymous_4)
FNDA:1,(anonymous_5)
FNDA:906,(anonymous_6)
FNDA:1,(anonymous_7)
FNDA:0,(anonymous_8)
FNDA:9,(anonymous_9)
FNDA:0,(anonymous_10)
FNDA:0,(anonymous_11)
FNDA:0,(anonymous_12)
FNDA:28,(anonymous_13)
FNDA:0,(anonymous_14)
FNDA:0,(anonymous_15)
FNDA:0,(anonymous_16)
DA:5,96
DA:6,24
DA:7,294
DA:8,8
DA:9,913
DA:10,8
DA:11,7
DA:12,16
DA:13,7
DA:14,7
DA:15,7
DA:16,35
DA:17,7
DA:18,7
DA:19,7
LF:15
LH:15
BRF:0
BRH:0
end_of_record
TN:
SF:src/errors/RateLimitError.ts
FNF:0
FNH:0
DA:5,7
LF:1
LH:1
BRF:0
BRH:0
end_of_record
TN:
SF:src/eventbus/Event.ts
FN:12,(anonymous_1)
FNF:1
FNH:0
FNDA:0,(anonymous_1)
DA:5,7
DA:7,7
DA:12,0
DA:13,0
DA:14,0
LF:5
LH:2
BRF:0
BRH:0
end_of_record
TN:
SF:src/eventbus/EventBus.ts
FN:27,(anonymous_1)
FN:29,(anonymous_2)
FN:31,(anonymous_3)
FN:33,(anonymous_4)
FN:35,(anonymous_5)
FN:36,(anonymous_6)
FN:39,(anonymous_7)
FN:44,(anonymous_8)
FN:53,(anonymous_9)
FN:56,(anonymous_10)
FN:69,(anonymous_11)
FN:75,(anonymous_12)
FNF:12
FNH:0
FNDA:0,(anonymous_1)
FNDA:0,(anonymous_2)
FNDA:0,(anonymous_3)
FNDA:0,(anonymous_4)
FNDA:0,(anonymous_5)
FNDA:0,(anonymous_6)
FNDA:0,(anonymous_7)
FNDA:0,(anonymous_8)
FNDA:0,(anonymous_9)
FNDA:0,(anonymous_10)
FNDA:0,(anonymous_11)
FNDA:0,(anonymous_12)
DA:5,7
DA:8,7
DA:22,7
DA:24,7
DA:25,7
DA:28,0
DA:29,0
DA:30,0
DA:31,0
DA:32,0
DA:33,0
DA:35,0
DA:36,0
DA:40,0
DA:41,0
DA:45,0
DA:46,0
DA:47,0
DA:48,0
DA:49,0
DA:50,0
DA:51,0
DA:54,0
DA:55,0
DA:56,0
DA:57,0
DA:58,0
DA:59,0
DA:61,0
DA:62,0
DA:70,0
DA:71,0
DA:76,0
DA:77,0
DA:78,0
DA:79,0
DA:80,0
DA:81,0
DA:83,0
DA:87,0
LF:40
LH:5
BRDA:28,0,0,0
BRDA:30,1,0,0
BRDA:40,2,0,0
BRDA:47,3,0,0
BRDA:55,4,0,0
BRDA:57,5,0,0
BRDA:57,5,1,0
BRDA:77,6,0,0
BRDA:77,6,1,0
BRF:9
BRH:0
end_of_record
TN:
SF:src/firebase/FirestoreConfig.ts
FN:34,(anonymous_0)
FN:39,(anonymous_1)
FN:45,(anonymous_2)
FN:54,(anonymous_3)
FN:62,(anonymous_4)
FN:69,(anonymous_5)
FNF:6
FNH:6
FNDA:3,(anonymous_0)
FNDA:3,(anonymous_1)
FNDA:3,(anonymous_2)
FNDA:6,(anonymous_3)
FNDA:15,(anonymous_4)
FNDA:21,(anonymous_5)
DA:8,7
DA:24,7
DA:26,7
DA:27,7
DA:28,7
DA:35,3
DA:36,3
DA:40,3
DA:41,3
DA:42,3
DA:46,3
DA:47,3
DA:48,3
DA:49,3
DA:50,3
DA:55,6
DA:56,6
DA:57,6
DA:58,6
DA:63,15
DA:70,21
DA:71,21
DA:72,21
DA:73,21
DA:74,63
LF:25
LH:25
BRDA:40,0,0,3
BRDA:40,0,1,3
BRDA:41,1,0,3
BRDA:41,1,1,3
BRDA:46,2,0,3
BRDA:47,3,0,3
BRDA:47,3,1,3
BRDA:48,4,0,3
BRDA:48,4,1,3
BRDA:49,5,0,3
BRDA:49,5,1,3
BRDA:56,6,0,6
BRDA:70,7,0,0
BRF:13
BRH:12
end_of_record
TN:
SF:src/redis/Redis.ts
FN:41,(anonymous_1)
FN:44,(anonymous_2)
FN:51,(anonymous_3)
FN:52,(anonymous_4)
FN:63,(anonymous_5)
FN:68,(anonymous_6)
FN:76,(anonymous_7)
FN:77,(anonymous_8)
FN:85,(anonymous_9)
FN:87,(anonymous_10)
FN:89,(anonymous_11)
FN:93,(anonymous_12)
FN:94,(anonymous_13)
FN:97,(anonymous_14)
FN:98,(anonymous_15)
FN:101,(anonymous_16)
FN:102,(anonymous_17)
FN:111,(anonymous_18)
FN:113,(anonymous_19)
FN:121,(anonymous_20)
FN:122,(anonymous_21)
FN:131,(anonymous_22)
FN:133,(anonymous_23)
FN:141,(anonymous_24)
FN:142,(anonymous_25)
FN:150,(anonymous_26)
FN:151,(anonymous_27)
FN:154,(anonymous_28)
FN:155,(anonymous_29)
FN:158,(anonymous_30)
FN:159,(anonymous_31)
FN:162,(anonymous_32)
FN:163,(anonymous_33)
FN:166,(anonymous_34)
FN:167,(anonymous_35)
FN:170,(anonymous_36)
FN:171,(anonymous_37)
FN:179,(anonymous_38)
FN:180,(anonymous_39)
FN:188,(anonymous_40)
FN:189,(anonymous_41)
FN:197,(anonymous_42)
FN:198,(anonymous_43)
FN:207,(anonymous_44)
FN:220,(anonymous_45)
FN:231,(anonymous_46)
FN:237,(anonymous_47)
FN:253,(anonymous_48)
FN:255,(anonymous_49)
FN:266,(anonymous_50)
FN:269,(anonymous_51)
FN:285,(anonymous_52)
FN:306,(anonymous_53)
FN:325,(anonymous_54)
FN:333,(anonymous_55)
FN:334,(anonymous_56)
FN:337,(anonymous_57)
FN:345,(anonymous_58)
FNF:58
FNH:26
FNDA:8,(anonymous_1)
FNDA:33,(anonymous_2)
FNDA:5,(anonymous_3)
FNDA:5,(anonymous_4)
FNDA:0,(anonymous_5)
FNDA:0,(anonymous_6)
FNDA:5,(anonymous_7)
FNDA:5,(anonymous_8)
FNDA:2,(anonymous_9)
FNDA:1,(anonymous_10)
FNDA:1,(anonymous_11)
FNDA:0,(anonymous_12)
FNDA:0,(anonymous_13)
FNDA:1,(anonymous_14)
FNDA:1,(anonymous_15)
FNDA:0,(anonymous_16)
FNDA:0,(anonymous_17)
FNDA:0,(anonymous_18)
FNDA:0,(anonymous_19)
FNDA:0,(anonymous_20)
FNDA:0,(anonymous_21)
FNDA:0,(anonymous_22)
FNDA:0,(anonymous_23)
FNDA:0,(anonymous_24)
FNDA:0,(anonymous_25)
FNDA:0,(anonymous_26)
FNDA:0,(anonymous_27)
FNDA:2,(anonymous_28)
FNDA:2,(anonymous_29)
FNDA:0,(anonymous_30)
FNDA:0,(anonymous_31)
FNDA:10,(anonymous_32)
FNDA:10,(anonymous_33)
FNDA:2,(anonymous_34)
FNDA:2,(anonymous_35)
FNDA:0,(anonymous_36)
FNDA:0,(anonymous_37)
FNDA:1,(anonymous_38)
FNDA:1,(anonymous_39)
FNDA:0,(anonymous_40)
FNDA:0,(anonymous_41)
FNDA:0,(anonymous_42)
FNDA:0,(anonymous_43)
FNDA:15,(anonymous_44)
FNDA:5,(anonymous_45)
FNDA:15,(anonymous_46)
FNDA:30,(anonymous_47)
FNDA:5,(anonymous_48)
FNDA:5,(anonymous_49)
FNDA:0,(anonymous_50)
FNDA:0,(anonymous_51)
FNDA:0,(anonymous_52)
FNDA:0,(anonymous_53)
FNDA:0,(anonymous_54)
FNDA:0,(anonymous_55)
FNDA:0,(anonymous_56)
FNDA:0,(anonymous_57)
FNDA:1,(anonymous_58)
DA:5,7
DA:6,7
DA:8,7
DA:9,7
DA:10,7
DA:12,7
DA:26,7
DA:28,7
DA:30,7
DA:32,7
DA:33,7
DA:35,7
DA:45,33
DA:52,5
DA:64,0
DA:65,0
DA:66,0
DA:67,0
DA:68,0
DA:77,5
DA:86,2
DA:87,1
DA:89,1
DA:94,0
DA:98,1
DA:102,0
DA:112,0
DA:113,0
DA:122,0
DA:132,0
DA:133,0
DA:142,0
DA:151,0
DA:155,2
DA:159,0
DA:163,10
DA:167,2
DA:171,0
DA:180,1
DA:189,0
DA:198,0
DA:208,15
DA:209,1
DA:211,15
DA:212,5
DA:213,5
DA:215,15
DA:216,15
DA:217,15
DA:221,5
DA:222,5
DA:223,5
DA:224,15
DA:227,0
DA:232,15
DA:233,15
DA:234,0
DA:235,0
DA:237,30
DA:238,15
DA:239,5
DA:240,5
DA:242,15
DA:243,1
DA:244,1
DA:254,5
DA:255,5
DA:267,0
DA:268,0
DA:269,0
DA:270,0
DA:271,0
DA:272,0
DA:273,0
DA:274,0
DA:275,0
DA:277,0
DA:286,0
DA:287,0
DA:288,0
DA:289,0
DA:291,0
DA:292,0
DA:293,0
DA:295,0
DA:307,0
DA:308,0
DA:309,0
DA:310,0
DA:311,0
DA:312,0
DA:313,0
DA:314,0
DA:315,0
DA:316,0
DA:317,0
DA:320,0
DA:326,0
DA:327,0
DA:328,0
DA:329,0
DA:330,0
DA:334,0
DA:338,0
DA:339,0
DA:340,0
DA:342,0
DA:346,1
DA:347,0
DA:348,0
DA:350,1
LF:111
LH:48
BRDA:63,0,0,0
BRDA:63,1,0,0
BRDA:64,2,0,0
BRDA:64,2,1,0
BRDA:66,3,0,0
BRDA:67,4,0,0
BRDA:86,5,0,1
BRDA:86,5,1,1
BRDA:93,6,0,0
BRDA:112,7,0,0
BRDA:112,7,1,0
BRDA:132,8,0,0
BRDA:132,8,1,0
BRDA:154,9,0,0
BRDA:162,10,0,0
BRDA:170,11,0,0
BRDA:208,12,0,1
BRDA:211,13,0,5
BRDA:222,14,0,5
BRDA:222,14,1,0
BRDA:233,15,0,0
BRDA:238,16,0,5
BRDA:242,17,0,1
BRDA:254,18,0,5
BRDA:254,18,1,0
BRDA:266,19,0,0
BRDA:266,20,0,0
BRDA:266,21,0,0
BRDA:273,22,0,0
BRDA:274,23,0,0
BRDA:287,24,0,0
BRDA:291,25,0,0
BRDA:308,26,0,0
BRDA:310,27,0,0
BRDA:313,28,0,0
BRDA:315,29,0,0
BRDA:325,30,0,0
BRDA:329,31,0,0
BRDA:333,32,0,0
BRDA:338,33,0,0
BRDA:339,34,0,0
BRDA:339,34,1,0
BRDA:346,35,0,0
BRF:43
BRH:8
end_of_record
TN:
SF:src/redis/RedisCronJob.ts
FN:50,(anonymous_1)
FN:55,(anonymous_2)
FN:56,(anonymous_3)
FN:76,(anonymous_4)
FN:82,(anonymous_5)
FN:86,(anonymous_6)
FN:95,(anonymous_7)
FN:105,(anonymous_8)
FN:117,(anonymous_9)
FN:121,(anonymous_10)
FN:126,(anonymous_11)
FN:129,(anonymous_12)
FN:135,(anonymous_13)
FN:138,(anonymous_14)
FNF:14
FNH:0
FNDA:0,(anonymous_1)
FNDA:0,(anonymous_2)
FNDA:0,(anonymous_3)
FNDA:0,(anonymous_4)
FNDA:0,(anonymous_5)
FNDA:0,(anonymous_6)
FNDA:0,(anonymous_7)
FNDA:0,(anonymous_8)
FNDA:0,(anonymous_9)
FNDA:0,(anonymous_10)
FNDA:0,(anonymous_11)
FNDA:0,(anonymous_12)
FNDA:0,(anonymous_13)
FNDA:0,(anonymous_14)
DA:5,7
DA:6,7
DA:31,7
DA:37,7
DA:39,7
DA:40,7
DA:43,0
DA:44,0
DA:51,0
DA:52,0
DA:56,0
DA:57,0
DA:58,0
DA:59,0
DA:60,0
DA:61,0
DA:62,0
DA:63,0
DA:64,0
DA:65,0
DA:67,0
DA:70,0
DA:77,0
DA:83,0
DA:87,0
DA:88,0
DA:89,0
DA:90,0
DA:91,0
DA:92,0
DA:96,0
DA:106,0
DA:107,0
DA:108,0
DA:118,0
DA:119,0
DA:122,0
DA:123,0
DA:124,0
DA:125,0
DA:126,0
DA:130,0
DA:131,0
DA:132,0
DA:133,0
DA:134,0
DA:135,0
DA:139,0
DA:141,0
DA:142,0
LF:50
LH:6
BRDA:52,0,0,0
BRDA:59,1,0,0
BRDA:60,2,0,0
BRDA:60,3,0,0
BRDA:60,3,1,0
BRDA:63,4,0,0
BRDA:63,4,1,0
BRDA:65,5,0,0
BRDA:87,6,0,0
BRDA:87,7,0,0
BRDA:87,7,1,0
BRDA:88,8,0,0
BRDA:88,9,0,0
BRDA:88,9,1,0
BRDA:89,10,0,0
BRDA:89,11,0,0
BRDA:89,11,1,0
BRDA:90,12,0,0
BRDA:90,13,0,0
BRDA:90,13,1,0
BRDA:91,14,0,0
BRDA:91,15,0,0
BRDA:91,15,1,0
BRDA:107,16,0,0
BRDA:118,17,0,0
BRDA:123,18,0,0
BRDA:125,19,0,0
BRDA:125,20,0,0
BRDA:125,20,1,0
BRDA:131,21,0,0
BRDA:134,22,0,0
BRDA:134,23,0,0
BRDA:134,23,1,0
BRDA:134,23,2,0
BRF:34
BRH:0
end_of_record
TN:
SF:src/redis/RedisPool.ts
FN:25,(anonymous_1)
FN:28,(anonymous_2)
FN:30,(anonymous_3)
FN:41,(anonymous_4)
FN:42,(anonymous_5)
FN:46,(anonymous_6)
FN:58,(anonymous_7)
FN:59,(anonymous_8)
FN:66,(anonymous_9)
FN:74,(anonymous_10)
FN:89,(anonymous_11)
FNF:11
FNH:10
FNDA:7,(anonymous_1)
FNDA:33,(anonymous_2)
FNDA:32,(anonymous_3)
FNDA:33,(anonymous_4)
FNDA:43,(anonymous_5)
FNDA:33,(anonymous_6)
FNDA:6,(anonymous_7)
FNDA:6,(anonymous_8)
FNDA:6,(anonymous_9)
FNDA:0,(anonymous_10)
FNDA:1,(anonymous_11)
DA:5,7
DA:6,7
DA:8,7
DA:9,7
DA:11,7
DA:19,7
DA:21,7
DA:23,7
DA:29,33
DA:30,33
DA:31,33
DA:32,5
DA:33,5
DA:34,5
DA:35,5
DA:37,33
DA:38,33
DA:42,43
DA:43,33
DA:48,33
DA:49,33
DA:50,33
DA:52,0
DA:54,33
DA:59,6
DA:60,6
DA:61,6
DA:62,6
DA:67,6
DA:68,6
DA:69,6
DA:70,6
DA:75,0
DA:76,0
DA:77,0
DA:78,0
DA:80,0
DA:81,0
DA:90,1
DA:91,5
LF:40
LH:33
BRDA:31,0,0,5
BRDA:32,1,0,0
BRDA:76,2,0,0
BRF:3
BRH:1
end_of_record
TN:
SF:src/redis/RedisVariable.ts
FN:16,(anonymous_1)
FN:18,(anonymous_2)
FN:19,(anonymous_3)
FN:24,(anonymous_4)
FN:28,(anonymous_5)
FN:37,(anonymous_6)
FN:40,(anonymous_7)
FN:43,(anonymous_8)
FNF:8
FNH:0
FNDA:0,(anonymous_1)
FNDA:0,(anonymous_2)
FNDA:0,(anonymous_3)
FNDA:0,(anonymous_4)
FNDA:0,(anonymous_5)
FNDA:0,(anonymous_6)
FNDA:0,(anonymous_7)
FNDA:0,(anonymous_8)
DA:5,7
DA:6,7
DA:8,7
DA:10,7
DA:13,0
DA:16,0
DA:17,0
DA:18,0
DA:19,0
DA:20,0
DA:25,0
DA:29,0
DA:30,0
DA:31,0
DA:32,0
DA:33,0
DA:38,0
DA:40,0
DA:44,0
LF:19
LH:4
BRDA:16,0,0,0
BRDA:30,1,0,0
BRF:2
BRH:0
end_of_record
TN:
SF:src/stream/StreamIterators.ts
FN:9,(anonymous_0)
FN:18,(anonymous_1)
FN:32,(anonymous_2)
FNF:3
FNH:0
FNDA:0,(anonymous_0)
FNDA:0,(anonymous_1)
FNDA:0,(anonymous_2)
DA:7,7
DA:10,0
DA:11,0
DA:12,0
DA:13,0
DA:14,0
DA:19,0
DA:20,0
DA:21,0
DA:22,0
DA:23,0
DA:24,0
DA:25,0
DA:26,0
DA:29,0
DA:33,0
DA:34,0
DA:35,0
DA:36,0
DA:37,0
DA:38,0
DA:40,0
DA:41,0
DA:43,0
DA:44,0
DA:45,0
DA:46,0
DA:47,0
DA:48,0
DA:50,0
DA:51,0
DA:52,0
DA:54,0
DA:56,0
DA:61,0
DA:62,0
LF:36
LH:1
BRDA:13,0,0,0
BRDA:23,1,0,0
BRDA:29,2,0,0
BRDA:37,3,0,0
BRDA:37,3,1,0
BRDA:40,4,0,0
BRDA:41,5,0,0
BRDA:43,6,0,0
BRDA:44,7,0,0
BRDA:45,8,0,0
BRDA:47,9,0,0
BRDA:50,10,0,0
BRDA:61,11,0,0
BRDA:61,12,0,0
BRDA:61,12,1,0
BRDA:61,12,2,0
BRF:16
BRH:0
end_of_record
TN:
SF:src/utilities/ObjectUtilities.ts
FN:12,(anonymous_0)
FN:17,(anonymous_1)
FN:39,(anonymous_2)
FN:43,(anonymous_3)
FN:52,(anonymous_4)
FN:54,(anonymous_5)
FNF:6
FNH:6
FNDA:211,(anonymous_0)
FNDA:313,(anonymous_1)
FNDA:68,(anonymous_2)
FNDA:82,(anonymous_3)
FNDA:96,(anonymous_4)
FNDA:75,(anonymous_5)
DA:5,7
DA:7,7
DA:13,211
DA:14,211
DA:15,211
DA:16,211
DA:17,211
DA:18,313
DA:19,313
DA:20,313
DA:21,313
DA:22,3
DA:23,3
DA:25,313
DA:26,313
DA:27,3
DA:30,0
DA:33,211
DA:40,68
DA:41,68
DA:42,68
DA:43,68
DA:44,82
DA:45,82
DA:53,96
DA:54,33
DA:55,75
DA:58,63
LF:28
LH:27
BRDA:13,0,0,0
BRDA:14,1,0,0
BRDA:21,2,0,3
BRDA:25,3,0,244
BRDA:25,3,1,69
BRDA:26,4,0,3
BRDA:27,5,0,3
BRDA:27,5,1,0
BRDA:33,6,0,138
BRDA:33,6,1,73
BRDA:40,7,0,0
BRDA:40,8,0,68
BRDA:40,8,1,68
BRDA:44,9,0,17
BRDA:45,10,0,14
BRDA:45,10,1,68
BRDA:53,11,0,33
BRDA:55,12,0,12
BRDA:55,12,1,63
BRF:19
BRH:15
end_of_record
TN:
SF:src/utilities/Utilities.ts
FN:10,(anonymous_0)
FN:11,(anonymous_1)
FN:12,awaken
FN:25,(anonymous_3)
FN:35,(anonymous_4)
FN:46,(anonymous_5)
FN:54,(anonymous_6)
FN:62,(anonymous_7)
FN:76,(anonymous_8)
FNF:9
FNH:9
FNDA:2,(anonymous_0)
FNDA:2,(anonymous_1)
FNDA:2,awaken
FNDA:927,(anonymous_3)
FNDA:303,(anonymous_4)
FNDA:402,(anonymous_5)
FNDA:4,(anonymous_6)
FNDA:5,(anonymous_7)
FNDA:1,(anonymous_8)
DA:5,7
DA:11,2
DA:13,2
DA:14,2
DA:15,2
DA:17,2
DA:18,2
DA:26,927
DA:36,303
DA:37,301
DA:38,299
DA:39,18
DA:40,1
DA:47,402
DA:48,400
DA:55,4
DA:56,4
DA:63,5
DA:65,2
DA:66,1
DA:68,2
DA:69,1
DA:71,1
DA:73,2
DA:77,1
LF:25
LH:25
BRDA:26,0,0,927
BRDA:26,0,1,850
BRDA:36,1,0,2
BRDA:37,2,0,2
BRDA:38,3,0,281
BRDA:39,4,0,17
BRDA:47,5,0,2
BRDA:48,6,0,400
BRDA:48,6,1,333
BRDA:55,7,0,2
BRDA:55,7,1,2
BRDA:63,8,0,2
BRDA:63,8,1,2
BRDA:63,8,2,1
BRDA:65,9,0,1
BRDA:68,10,0,1
BRDA:68,11,0,2
BRDA:68,11,1,1
BRDA:77,12,0,1
BRDA:77,12,1,0
BRF:20
BRH:19
end_of_record
